#! /usr/local/Cellar/icarus-verilog/10.3/bin/vvp
:ivl_version "10.3 (stable)" "(v10_3)";
:ivl_delay_selection "TYPICAL";
:vpi_time_precision + 0;
:vpi_module "system";
:vpi_module "vhdl_sys";
:vpi_module "v2005_math";
:vpi_module "va_math";
S_0x7faf0ac5e360 .scope module, "labL" "labL" 2 1;
 .timescale 0 0;
v0x7faf0ac8d5d0_0 .var/s "a", 31 0;
v0x7faf0ac8d6c0_0 .var/s "b", 31 0;
v0x7faf0ac8d790_0 .net/s "cout", 0 0, L_0x7faf0aca6310;  1 drivers
v0x7faf0ac8d860_0 .var/s "ctrl", 0 0;
v0x7faf0ac8d8f0_0 .var/s "expect", 31 0;
v0x7faf0ac8d9c0_0 .net/s "z", 31 0, L_0x7faf0aca1320;  1 drivers
S_0x7faf0ac5e4c0 .scope module, "arith" "yArith" 2 8, 3 1 0, S_0x7faf0ac5e360;
 .timescale 0 0;
    .port_info 0 /OUTPUT 32 "z"
    .port_info 1 /OUTPUT 1 "cout"
    .port_info 2 /INPUT 32 "a"
    .port_info 3 /INPUT 32 "b"
    .port_info 4 /INPUT 1 "ctrl"
L_0x7faf0ac8da90 .functor BUFZ 1, v0x7faf0ac8d860_0, C4<0>, C4<0>, C4<0>;
L_0x7faf0ac8db40 .functor NOT 32, v0x7faf0ac8d6c0_0, C4<00000000000000000000000000000000>, C4<00000000000000000000000000000000>, C4<00000000000000000000000000000000>;
v0x7faf0ac8cfe0_0 .net "a", 31 0, v0x7faf0ac8d5d0_0;  1 drivers
v0x7faf0ac8d090_0 .net "b", 31 0, v0x7faf0ac8d6c0_0;  1 drivers
v0x7faf0ac8d140_0 .net "cin", 0 0, L_0x7faf0ac8da90;  1 drivers
v0x7faf0ac8d1f0_0 .net "cout", 0 0, L_0x7faf0aca6310;  alias, 1 drivers
v0x7faf0ac8d2a0_0 .net "ctrl", 0 0, v0x7faf0ac8d860_0;  1 drivers
v0x7faf0ac8d370_0 .net "notB", 31 0, L_0x7faf0ac8db40;  1 drivers
v0x7faf0ac8d400_0 .net "tmp", 31 0, L_0x7faf0ac94390;  1 drivers
v0x7faf0ac8d4d0_0 .net "z", 31 0, L_0x7faf0aca1320;  alias, 1 drivers
S_0x7faf0ac5e6a0 .scope module, "adder" "yAdder" 3 13, 4 1 0, S_0x7faf0ac5e4c0;
 .timescale 0 0;
    .port_info 0 /OUTPUT 32 "z"
    .port_info 1 /OUTPUT 1 "cout"
    .port_info 2 /INPUT 32 "a"
    .port_info 3 /INPUT 32 "b"
    .port_info 4 /INPUT 1 "cin"
L_0x7faf0aca4d90 .functor BUFZ 1, L_0x7faf0ac8da90, C4<0>, C4<0>, C4<0>;
v0x7faf0ac7e070_0 .net *"_s101", 0 0, L_0x7faf0aca4d90;  1 drivers
v0x7faf0ac7e110_0 .net *"_s106", 30 0, L_0x7faf0aca6270;  1 drivers
v0x7faf0ac7e1b0_0 .net "a", 31 0, v0x7faf0ac8d5d0_0;  alias, 1 drivers
v0x7faf0ac7e250_0 .net "b", 31 0, L_0x7faf0ac94390;  alias, 1 drivers
v0x7faf0ac7e300_0 .net "cin", 0 0, L_0x7faf0ac8da90;  alias, 1 drivers
v0x7faf0ac7e3e0_0 .net "cout", 0 0, L_0x7faf0aca6310;  alias, 1 drivers
v0x7faf0ac7e480_0 .net "in", 31 0, L_0x7faf0aca69c0;  1 drivers
v0x7faf0ac7e530_0 .net "out", 31 0, L_0x7faf0aca1cd0;  1 drivers
v0x7faf0ac7e5e0_0 .net "z", 31 0, L_0x7faf0aca1320;  alias, 1 drivers
LS_0x7faf0aca1320_0_0 .concat [ 1 1 1 1], L_0x7faf0ac989c0, L_0x7faf0ac98d30, L_0x7faf0ac990e0, L_0x7faf0ac99490;
LS_0x7faf0aca1320_0_4 .concat [ 1 1 1 1], L_0x7faf0ac99840, L_0x7faf0ac99bf0, L_0x7faf0ac99fa0, L_0x7faf0ac9a380;
LS_0x7faf0aca1320_0_8 .concat [ 1 1 1 1], L_0x7faf0ac9a760, L_0x7faf0ac9ab40, L_0x7faf0ac9aef0, L_0x7faf0ac9b2d0;
LS_0x7faf0aca1320_0_12 .concat [ 1 1 1 1], L_0x7faf0ac9b6b0, L_0x7faf0ac9ba90, L_0x7faf0ac9be70, L_0x7faf0ac9c2f0;
LS_0x7faf0aca1320_0_16 .concat [ 1 1 1 1], L_0x7faf0ac9c7b0, L_0x7faf0ac9cc70, L_0x7faf0ac9d130, L_0x7faf0ac9d5f0;
LS_0x7faf0aca1320_0_20 .concat [ 1 1 1 1], L_0x7faf0ac9dab0, L_0x7faf0ac9df70, L_0x7faf0ac9e430, L_0x7faf0ac9e8f0;
LS_0x7faf0aca1320_0_24 .concat [ 1 1 1 1], L_0x7faf0ac9edb0, L_0x7faf0ac9f270, L_0x7faf0ac9f730, L_0x7faf0ac9fbf0;
LS_0x7faf0aca1320_0_28 .concat [ 1 1 1 1], L_0x7faf0aca00b0, L_0x7faf0aca0570, L_0x7faf0aca0a30, L_0x7faf0aca0ef0;
LS_0x7faf0aca1320_1_0 .concat [ 4 4 4 4], LS_0x7faf0aca1320_0_0, LS_0x7faf0aca1320_0_4, LS_0x7faf0aca1320_0_8, LS_0x7faf0aca1320_0_12;
LS_0x7faf0aca1320_1_4 .concat [ 4 4 4 4], LS_0x7faf0aca1320_0_16, LS_0x7faf0aca1320_0_20, LS_0x7faf0aca1320_0_24, LS_0x7faf0aca1320_0_28;
L_0x7faf0aca1320 .concat [ 16 16 0 0], LS_0x7faf0aca1320_1_0, LS_0x7faf0aca1320_1_4;
LS_0x7faf0aca1cd0_0_0 .concat [ 1 1 1 1], L_0x7faf0ac98bd0, L_0x7faf0ac98f80, L_0x7faf0ac99330, L_0x7faf0ac996e0;
LS_0x7faf0aca1cd0_0_4 .concat [ 1 1 1 1], L_0x7faf0ac99a90, L_0x7faf0ac99e40, L_0x7faf0ac9a1f0, L_0x7faf0ac9a5d0;
LS_0x7faf0aca1cd0_0_8 .concat [ 1 1 1 1], L_0x7faf0ac9a9b0, L_0x7faf0ac9ad90, L_0x7faf0ac9b140, L_0x7faf0ac9b520;
LS_0x7faf0aca1cd0_0_12 .concat [ 1 1 1 1], L_0x7faf0ac9b900, L_0x7faf0ac9bce0, L_0x7faf0ac9c120, L_0x7faf0ac9c5e0;
LS_0x7faf0aca1cd0_0_16 .concat [ 1 1 1 1], L_0x7faf0ac9caa0, L_0x7faf0ac9cf60, L_0x7faf0ac9d420, L_0x7faf0ac9d8e0;
LS_0x7faf0aca1cd0_0_20 .concat [ 1 1 1 1], L_0x7faf0ac9dda0, L_0x7faf0ac9e260, L_0x7faf0ac9e720, L_0x7faf0ac9ebe0;
LS_0x7faf0aca1cd0_0_24 .concat [ 1 1 1 1], L_0x7faf0ac9f0a0, L_0x7faf0ac9f560, L_0x7faf0ac9fa20, L_0x7faf0ac9fee0;
LS_0x7faf0aca1cd0_0_28 .concat [ 1 1 1 1], L_0x7faf0aca03a0, L_0x7faf0aca0860, L_0x7faf0aca0d20, L_0x7faf0aca11e0;
LS_0x7faf0aca1cd0_1_0 .concat [ 4 4 4 4], LS_0x7faf0aca1cd0_0_0, LS_0x7faf0aca1cd0_0_4, LS_0x7faf0aca1cd0_0_8, LS_0x7faf0aca1cd0_0_12;
LS_0x7faf0aca1cd0_1_4 .concat [ 4 4 4 4], LS_0x7faf0aca1cd0_0_16, LS_0x7faf0aca1cd0_0_20, LS_0x7faf0aca1cd0_0_24, LS_0x7faf0aca1cd0_0_28;
L_0x7faf0aca1cd0 .concat [ 16 16 0 0], LS_0x7faf0aca1cd0_1_0, LS_0x7faf0aca1cd0_1_4;
L_0x7faf0aca2680 .part v0x7faf0ac8d5d0_0, 0, 1;
L_0x7faf0aca2720 .part v0x7faf0ac8d5d0_0, 1, 1;
L_0x7faf0aca2840 .part v0x7faf0ac8d5d0_0, 2, 1;
L_0x7faf0aca2910 .part v0x7faf0ac8d5d0_0, 3, 1;
L_0x7faf0aca29b0 .part v0x7faf0ac8d5d0_0, 4, 1;
L_0x7faf0aca2a50 .part v0x7faf0ac8d5d0_0, 5, 1;
L_0x7faf0aca2bf0 .part v0x7faf0ac8d5d0_0, 6, 1;
L_0x7faf0aca2ce0 .part v0x7faf0ac8d5d0_0, 7, 1;
L_0x7faf0aca2d80 .part v0x7faf0ac8d5d0_0, 8, 1;
L_0x7faf0aca2e20 .part v0x7faf0ac8d5d0_0, 9, 1;
L_0x7faf0aca2ec0 .part v0x7faf0ac8d5d0_0, 10, 1;
L_0x7faf0aca2f60 .part v0x7faf0ac8d5d0_0, 11, 1;
L_0x7faf0aca3000 .part v0x7faf0ac8d5d0_0, 12, 1;
L_0x7faf0aca30a0 .part v0x7faf0ac8d5d0_0, 13, 1;
L_0x7faf0aca2af0 .part v0x7faf0ac8d5d0_0, 14, 1;
L_0x7faf0aca33d0 .part v0x7faf0ac8d5d0_0, 15, 1;
L_0x7faf0aca3470 .part v0x7faf0ac8d5d0_0, 16, 1;
L_0x7faf0aca35b0 .part v0x7faf0ac8d5d0_0, 17, 1;
L_0x7faf0aca3650 .part v0x7faf0ac8d5d0_0, 18, 1;
L_0x7faf0aca3510 .part v0x7faf0ac8d5d0_0, 19, 1;
L_0x7faf0aca37a0 .part v0x7faf0ac8d5d0_0, 20, 1;
L_0x7faf0aca3900 .part v0x7faf0ac8d5d0_0, 21, 1;
L_0x7faf0aca39a0 .part v0x7faf0ac8d5d0_0, 22, 1;
L_0x7faf0aca36f0 .part v0x7faf0ac8d5d0_0, 23, 1;
L_0x7faf0aca3b10 .part v0x7faf0ac8d5d0_0, 24, 1;
L_0x7faf0aca3840 .part v0x7faf0ac8d5d0_0, 25, 1;
L_0x7faf0aca3c90 .part v0x7faf0ac8d5d0_0, 26, 1;
L_0x7faf0aca3a40 .part v0x7faf0ac8d5d0_0, 27, 1;
L_0x7faf0aca3e20 .part v0x7faf0ac8d5d0_0, 28, 1;
L_0x7faf0aca3bb0 .part v0x7faf0ac8d5d0_0, 29, 1;
L_0x7faf0aca3140 .part v0x7faf0ac8d5d0_0, 30, 1;
L_0x7faf0aca31e0 .part v0x7faf0ac8d5d0_0, 31, 1;
L_0x7faf0aca3280 .part L_0x7faf0ac94390, 0, 1;
L_0x7faf0aca3320 .part L_0x7faf0ac94390, 1, 1;
L_0x7faf0aca3d30 .part L_0x7faf0ac94390, 2, 1;
L_0x7faf0aca3ff0 .part L_0x7faf0ac94390, 3, 1;
L_0x7faf0aca4090 .part L_0x7faf0ac94390, 4, 1;
L_0x7faf0aca3ec0 .part L_0x7faf0ac94390, 5, 1;
L_0x7faf0aca4370 .part L_0x7faf0ac94390, 6, 1;
L_0x7faf0aca4230 .part L_0x7faf0ac94390, 7, 1;
L_0x7faf0aca42d0 .part L_0x7faf0ac94390, 8, 1;
L_0x7faf0aca4570 .part L_0x7faf0ac94390, 9, 1;
L_0x7faf0aca4610 .part L_0x7faf0ac94390, 10, 1;
L_0x7faf0aca4410 .part L_0x7faf0ac94390, 11, 1;
L_0x7faf0aca44b0 .part L_0x7faf0ac94390, 12, 1;
L_0x7faf0aca4130 .part L_0x7faf0ac94390, 13, 1;
L_0x7faf0aca46b0 .part L_0x7faf0ac94390, 14, 1;
L_0x7faf0aca4750 .part L_0x7faf0ac94390, 15, 1;
L_0x7faf0aca4bb0 .part L_0x7faf0ac94390, 16, 1;
L_0x7faf0aca4a20 .part L_0x7faf0ac94390, 17, 1;
L_0x7faf0aca4ac0 .part L_0x7faf0ac94390, 18, 1;
L_0x7faf0aca4e00 .part L_0x7faf0ac94390, 19, 1;
L_0x7faf0aca4ea0 .part L_0x7faf0ac94390, 20, 1;
L_0x7faf0aca4c50 .part L_0x7faf0ac94390, 21, 1;
L_0x7faf0aca4cf0 .part L_0x7faf0ac94390, 22, 1;
L_0x7faf0aca5110 .part L_0x7faf0ac94390, 23, 1;
L_0x7faf0aca51b0 .part L_0x7faf0ac94390, 24, 1;
L_0x7faf0aca4f40 .part L_0x7faf0ac94390, 25, 1;
L_0x7faf0aca4fe0 .part L_0x7faf0ac94390, 26, 1;
L_0x7faf0aca5440 .part L_0x7faf0ac94390, 27, 1;
L_0x7faf0aca54e0 .part L_0x7faf0ac94390, 28, 1;
L_0x7faf0aca5250 .part L_0x7faf0ac94390, 29, 1;
L_0x7faf0aca52f0 .part L_0x7faf0ac94390, 30, 1;
L_0x7faf0aca5390 .part L_0x7faf0ac94390, 31, 1;
L_0x7faf0aca5580 .part L_0x7faf0aca69c0, 0, 1;
L_0x7faf0aca47f0 .part L_0x7faf0aca69c0, 1, 1;
L_0x7faf0aca4890 .part L_0x7faf0aca69c0, 2, 1;
L_0x7faf0aca4930 .part L_0x7faf0aca69c0, 3, 1;
L_0x7faf0aca5850 .part L_0x7faf0aca69c0, 4, 1;
L_0x7faf0aca5620 .part L_0x7faf0aca69c0, 5, 1;
L_0x7faf0aca56c0 .part L_0x7faf0aca69c0, 6, 1;
L_0x7faf0aca5760 .part L_0x7faf0aca69c0, 7, 1;
L_0x7faf0aca5c40 .part L_0x7faf0aca69c0, 8, 1;
L_0x7faf0aca58f0 .part L_0x7faf0aca69c0, 9, 1;
L_0x7faf0aca5990 .part L_0x7faf0aca69c0, 10, 1;
L_0x7faf0aca5a30 .part L_0x7faf0aca69c0, 11, 1;
L_0x7faf0aca5f50 .part L_0x7faf0aca69c0, 12, 1;
L_0x7faf0aca5ce0 .part L_0x7faf0aca69c0, 13, 1;
L_0x7faf0aca5d80 .part L_0x7faf0aca69c0, 14, 1;
L_0x7faf0aca5e20 .part L_0x7faf0aca69c0, 15, 1;
L_0x7faf0aca5ad0 .part L_0x7faf0aca69c0, 16, 1;
L_0x7faf0aca5b70 .part L_0x7faf0aca69c0, 17, 1;
L_0x7faf0aca5ff0 .part L_0x7faf0aca69c0, 18, 1;
L_0x7faf0aca6090 .part L_0x7faf0aca69c0, 19, 1;
L_0x7faf0aca6130 .part L_0x7faf0aca69c0, 20, 1;
L_0x7faf0aca61d0 .part L_0x7faf0aca69c0, 21, 1;
L_0x7faf0aca6740 .part L_0x7faf0aca69c0, 22, 1;
L_0x7faf0aca6480 .part L_0x7faf0aca69c0, 23, 1;
L_0x7faf0aca6520 .part L_0x7faf0aca69c0, 24, 1;
L_0x7faf0aca65c0 .part L_0x7faf0aca69c0, 25, 1;
L_0x7faf0aca6660 .part L_0x7faf0aca69c0, 26, 1;
L_0x7faf0aca6ad0 .part L_0x7faf0aca69c0, 27, 1;
L_0x7faf0aca6b70 .part L_0x7faf0aca69c0, 28, 1;
L_0x7faf0aca67e0 .part L_0x7faf0aca69c0, 29, 1;
L_0x7faf0aca6880 .part L_0x7faf0aca69c0, 30, 1;
L_0x7faf0aca6920 .part L_0x7faf0aca69c0, 31, 1;
L_0x7faf0aca69c0 .concat8 [ 1 31 0 0], L_0x7faf0aca4d90, L_0x7faf0aca6270;
L_0x7faf0aca6270 .part L_0x7faf0aca1cd0, 0, 31;
L_0x7faf0aca6310 .part L_0x7faf0aca1cd0, 31, 1;
S_0x7faf0ac5e8d0 .scope module, "mine[0]" "yAdder1" 4 8, 5 1 0, S_0x7faf0ac5e6a0;
 .timescale 0 0;
    .port_info 0 /OUTPUT 1 "z"
    .port_info 1 /OUTPUT 1 "cout"
    .port_info 2 /INPUT 1 "a"
    .port_info 3 /INPUT 1 "b"
    .port_info 4 /INPUT 1 "cin"
L_0x7faf0ac98950 .functor XOR 1, L_0x7faf0aca2680, L_0x7faf0aca3280, C4<0>, C4<0>;
L_0x7faf0ac989c0 .functor XOR 1, L_0x7faf0aca5580, L_0x7faf0ac98950, C4<0>, C4<0>;
L_0x7faf0ac98a30 .functor AND 1, L_0x7faf0aca2680, L_0x7faf0aca3280, C4<1>, C4<1>;
L_0x7faf0ac98b20 .functor AND 1, L_0x7faf0ac98950, L_0x7faf0aca5580, C4<1>, C4<1>;
L_0x7faf0ac98bd0 .functor OR 1, L_0x7faf0ac98b20, L_0x7faf0ac98a30, C4<0>, C4<0>;
v0x7faf0ac5eb00_0 .net "a", 0 0, L_0x7faf0aca2680;  1 drivers
v0x7faf0ac6e270_0 .net "b", 0 0, L_0x7faf0aca3280;  1 drivers
v0x7faf0ac6e310_0 .net "cin", 0 0, L_0x7faf0aca5580;  1 drivers
v0x7faf0ac6e3a0_0 .net "cout", 0 0, L_0x7faf0ac98bd0;  1 drivers
v0x7faf0ac6e440_0 .net "outL", 0 0, L_0x7faf0ac98a30;  1 drivers
v0x7faf0ac6e520_0 .net "outR", 0 0, L_0x7faf0ac98b20;  1 drivers
v0x7faf0ac6e5c0_0 .net "tmp", 0 0, L_0x7faf0ac98950;  1 drivers
v0x7faf0ac6e660_0 .net "z", 0 0, L_0x7faf0ac989c0;  1 drivers
S_0x7faf0ac6e780 .scope module, "mine[1]" "yAdder1" 4 8, 5 1 0, S_0x7faf0ac5e6a0;
 .timescale 0 0;
    .port_info 0 /OUTPUT 1 "z"
    .port_info 1 /OUTPUT 1 "cout"
    .port_info 2 /INPUT 1 "a"
    .port_info 3 /INPUT 1 "b"
    .port_info 4 /INPUT 1 "cin"
L_0x7faf0ac98cc0 .functor XOR 1, L_0x7faf0aca2720, L_0x7faf0aca3320, C4<0>, C4<0>;
L_0x7faf0ac98d30 .functor XOR 1, L_0x7faf0aca47f0, L_0x7faf0ac98cc0, C4<0>, C4<0>;
L_0x7faf0ac98de0 .functor AND 1, L_0x7faf0aca2720, L_0x7faf0aca3320, C4<1>, C4<1>;
L_0x7faf0ac98ed0 .functor AND 1, L_0x7faf0ac98cc0, L_0x7faf0aca47f0, C4<1>, C4<1>;
L_0x7faf0ac98f80 .functor OR 1, L_0x7faf0ac98ed0, L_0x7faf0ac98de0, C4<0>, C4<0>;
v0x7faf0ac6e9b0_0 .net "a", 0 0, L_0x7faf0aca2720;  1 drivers
v0x7faf0ac6ea50_0 .net "b", 0 0, L_0x7faf0aca3320;  1 drivers
v0x7faf0ac6eaf0_0 .net "cin", 0 0, L_0x7faf0aca47f0;  1 drivers
v0x7faf0ac6eba0_0 .net "cout", 0 0, L_0x7faf0ac98f80;  1 drivers
v0x7faf0ac6ec40_0 .net "outL", 0 0, L_0x7faf0ac98de0;  1 drivers
v0x7faf0ac6ed20_0 .net "outR", 0 0, L_0x7faf0ac98ed0;  1 drivers
v0x7faf0ac6edc0_0 .net "tmp", 0 0, L_0x7faf0ac98cc0;  1 drivers
v0x7faf0ac6ee60_0 .net "z", 0 0, L_0x7faf0ac98d30;  1 drivers
S_0x7faf0ac6ef80 .scope module, "mine[2]" "yAdder1" 4 8, 5 1 0, S_0x7faf0ac5e6a0;
 .timescale 0 0;
    .port_info 0 /OUTPUT 1 "z"
    .port_info 1 /OUTPUT 1 "cout"
    .port_info 2 /INPUT 1 "a"
    .port_info 3 /INPUT 1 "b"
    .port_info 4 /INPUT 1 "cin"
L_0x7faf0ac99070 .functor XOR 1, L_0x7faf0aca2840, L_0x7faf0aca3d30, C4<0>, C4<0>;
L_0x7faf0ac990e0 .functor XOR 1, L_0x7faf0aca4890, L_0x7faf0ac99070, C4<0>, C4<0>;
L_0x7faf0ac99190 .functor AND 1, L_0x7faf0aca2840, L_0x7faf0aca3d30, C4<1>, C4<1>;
L_0x7faf0ac99280 .functor AND 1, L_0x7faf0ac99070, L_0x7faf0aca4890, C4<1>, C4<1>;
L_0x7faf0ac99330 .functor OR 1, L_0x7faf0ac99280, L_0x7faf0ac99190, C4<0>, C4<0>;
v0x7faf0ac6f1d0_0 .net "a", 0 0, L_0x7faf0aca2840;  1 drivers
v0x7faf0ac6f260_0 .net "b", 0 0, L_0x7faf0aca3d30;  1 drivers
v0x7faf0ac6f300_0 .net "cin", 0 0, L_0x7faf0aca4890;  1 drivers
v0x7faf0ac6f3b0_0 .net "cout", 0 0, L_0x7faf0ac99330;  1 drivers
v0x7faf0ac6f450_0 .net "outL", 0 0, L_0x7faf0ac99190;  1 drivers
v0x7faf0ac6f530_0 .net "outR", 0 0, L_0x7faf0ac99280;  1 drivers
v0x7faf0ac6f5d0_0 .net "tmp", 0 0, L_0x7faf0ac99070;  1 drivers
v0x7faf0ac6f670_0 .net "z", 0 0, L_0x7faf0ac990e0;  1 drivers
S_0x7faf0ac6f790 .scope module, "mine[3]" "yAdder1" 4 8, 5 1 0, S_0x7faf0ac5e6a0;
 .timescale 0 0;
    .port_info 0 /OUTPUT 1 "z"
    .port_info 1 /OUTPUT 1 "cout"
    .port_info 2 /INPUT 1 "a"
    .port_info 3 /INPUT 1 "b"
    .port_info 4 /INPUT 1 "cin"
L_0x7faf0ac99420 .functor XOR 1, L_0x7faf0aca2910, L_0x7faf0aca3ff0, C4<0>, C4<0>;
L_0x7faf0ac99490 .functor XOR 1, L_0x7faf0aca4930, L_0x7faf0ac99420, C4<0>, C4<0>;
L_0x7faf0ac99540 .functor AND 1, L_0x7faf0aca2910, L_0x7faf0aca3ff0, C4<1>, C4<1>;
L_0x7faf0ac99630 .functor AND 1, L_0x7faf0ac99420, L_0x7faf0aca4930, C4<1>, C4<1>;
L_0x7faf0ac996e0 .functor OR 1, L_0x7faf0ac99630, L_0x7faf0ac99540, C4<0>, C4<0>;
v0x7faf0ac6f9c0_0 .net "a", 0 0, L_0x7faf0aca2910;  1 drivers
v0x7faf0ac6fa60_0 .net "b", 0 0, L_0x7faf0aca3ff0;  1 drivers
v0x7faf0ac6fb00_0 .net "cin", 0 0, L_0x7faf0aca4930;  1 drivers
v0x7faf0ac6fbb0_0 .net "cout", 0 0, L_0x7faf0ac996e0;  1 drivers
v0x7faf0ac6fc50_0 .net "outL", 0 0, L_0x7faf0ac99540;  1 drivers
v0x7faf0ac6fd30_0 .net "outR", 0 0, L_0x7faf0ac99630;  1 drivers
v0x7faf0ac6fdd0_0 .net "tmp", 0 0, L_0x7faf0ac99420;  1 drivers
v0x7faf0ac6fe70_0 .net "z", 0 0, L_0x7faf0ac99490;  1 drivers
S_0x7faf0ac6ff90 .scope module, "mine[4]" "yAdder1" 4 8, 5 1 0, S_0x7faf0ac5e6a0;
 .timescale 0 0;
    .port_info 0 /OUTPUT 1 "z"
    .port_info 1 /OUTPUT 1 "cout"
    .port_info 2 /INPUT 1 "a"
    .port_info 3 /INPUT 1 "b"
    .port_info 4 /INPUT 1 "cin"
L_0x7faf0ac997d0 .functor XOR 1, L_0x7faf0aca29b0, L_0x7faf0aca4090, C4<0>, C4<0>;
L_0x7faf0ac99840 .functor XOR 1, L_0x7faf0aca5850, L_0x7faf0ac997d0, C4<0>, C4<0>;
L_0x7faf0ac998f0 .functor AND 1, L_0x7faf0aca29b0, L_0x7faf0aca4090, C4<1>, C4<1>;
L_0x7faf0ac999e0 .functor AND 1, L_0x7faf0ac997d0, L_0x7faf0aca5850, C4<1>, C4<1>;
L_0x7faf0ac99a90 .functor OR 1, L_0x7faf0ac999e0, L_0x7faf0ac998f0, C4<0>, C4<0>;
v0x7faf0ac70200_0 .net "a", 0 0, L_0x7faf0aca29b0;  1 drivers
v0x7faf0ac702a0_0 .net "b", 0 0, L_0x7faf0aca4090;  1 drivers
v0x7faf0ac70340_0 .net "cin", 0 0, L_0x7faf0aca5850;  1 drivers
v0x7faf0ac703d0_0 .net "cout", 0 0, L_0x7faf0ac99a90;  1 drivers
v0x7faf0ac70470_0 .net "outL", 0 0, L_0x7faf0ac998f0;  1 drivers
v0x7faf0ac70550_0 .net "outR", 0 0, L_0x7faf0ac999e0;  1 drivers
v0x7faf0ac705f0_0 .net "tmp", 0 0, L_0x7faf0ac997d0;  1 drivers
v0x7faf0ac70690_0 .net "z", 0 0, L_0x7faf0ac99840;  1 drivers
S_0x7faf0ac707b0 .scope module, "mine[5]" "yAdder1" 4 8, 5 1 0, S_0x7faf0ac5e6a0;
 .timescale 0 0;
    .port_info 0 /OUTPUT 1 "z"
    .port_info 1 /OUTPUT 1 "cout"
    .port_info 2 /INPUT 1 "a"
    .port_info 3 /INPUT 1 "b"
    .port_info 4 /INPUT 1 "cin"
L_0x7faf0ac99b80 .functor XOR 1, L_0x7faf0aca2a50, L_0x7faf0aca3ec0, C4<0>, C4<0>;
L_0x7faf0ac99bf0 .functor XOR 1, L_0x7faf0aca5620, L_0x7faf0ac99b80, C4<0>, C4<0>;
L_0x7faf0ac99ca0 .functor AND 1, L_0x7faf0aca2a50, L_0x7faf0aca3ec0, C4<1>, C4<1>;
L_0x7faf0ac99d90 .functor AND 1, L_0x7faf0ac99b80, L_0x7faf0aca5620, C4<1>, C4<1>;
L_0x7faf0ac99e40 .functor OR 1, L_0x7faf0ac99d90, L_0x7faf0ac99ca0, C4<0>, C4<0>;
v0x7faf0ac709e0_0 .net "a", 0 0, L_0x7faf0aca2a50;  1 drivers
v0x7faf0ac70a80_0 .net "b", 0 0, L_0x7faf0aca3ec0;  1 drivers
v0x7faf0ac70b20_0 .net "cin", 0 0, L_0x7faf0aca5620;  1 drivers
v0x7faf0ac70bd0_0 .net "cout", 0 0, L_0x7faf0ac99e40;  1 drivers
v0x7faf0ac70c70_0 .net "outL", 0 0, L_0x7faf0ac99ca0;  1 drivers
v0x7faf0ac70d50_0 .net "outR", 0 0, L_0x7faf0ac99d90;  1 drivers
v0x7faf0ac70df0_0 .net "tmp", 0 0, L_0x7faf0ac99b80;  1 drivers
v0x7faf0ac70e90_0 .net "z", 0 0, L_0x7faf0ac99bf0;  1 drivers
S_0x7faf0ac70fb0 .scope module, "mine[6]" "yAdder1" 4 8, 5 1 0, S_0x7faf0ac5e6a0;
 .timescale 0 0;
    .port_info 0 /OUTPUT 1 "z"
    .port_info 1 /OUTPUT 1 "cout"
    .port_info 2 /INPUT 1 "a"
    .port_info 3 /INPUT 1 "b"
    .port_info 4 /INPUT 1 "cin"
L_0x7faf0ac99f30 .functor XOR 1, L_0x7faf0aca2bf0, L_0x7faf0aca4370, C4<0>, C4<0>;
L_0x7faf0ac99fa0 .functor XOR 1, L_0x7faf0aca56c0, L_0x7faf0ac99f30, C4<0>, C4<0>;
L_0x7faf0ac9a050 .functor AND 1, L_0x7faf0aca2bf0, L_0x7faf0aca4370, C4<1>, C4<1>;
L_0x7faf0ac9a140 .functor AND 1, L_0x7faf0ac99f30, L_0x7faf0aca56c0, C4<1>, C4<1>;
L_0x7faf0ac9a1f0 .functor OR 1, L_0x7faf0ac9a140, L_0x7faf0ac9a050, C4<0>, C4<0>;
v0x7faf0ac711e0_0 .net "a", 0 0, L_0x7faf0aca2bf0;  1 drivers
v0x7faf0ac71280_0 .net "b", 0 0, L_0x7faf0aca4370;  1 drivers
v0x7faf0ac71320_0 .net "cin", 0 0, L_0x7faf0aca56c0;  1 drivers
v0x7faf0ac713d0_0 .net "cout", 0 0, L_0x7faf0ac9a1f0;  1 drivers
v0x7faf0ac71470_0 .net "outL", 0 0, L_0x7faf0ac9a050;  1 drivers
v0x7faf0ac71550_0 .net "outR", 0 0, L_0x7faf0ac9a140;  1 drivers
v0x7faf0ac715f0_0 .net "tmp", 0 0, L_0x7faf0ac99f30;  1 drivers
v0x7faf0ac71690_0 .net "z", 0 0, L_0x7faf0ac99fa0;  1 drivers
S_0x7faf0ac717b0 .scope module, "mine[7]" "yAdder1" 4 8, 5 1 0, S_0x7faf0ac5e6a0;
 .timescale 0 0;
    .port_info 0 /OUTPUT 1 "z"
    .port_info 1 /OUTPUT 1 "cout"
    .port_info 2 /INPUT 1 "a"
    .port_info 3 /INPUT 1 "b"
    .port_info 4 /INPUT 1 "cin"
L_0x7faf0ac9a310 .functor XOR 1, L_0x7faf0aca2ce0, L_0x7faf0aca4230, C4<0>, C4<0>;
L_0x7faf0ac9a380 .functor XOR 1, L_0x7faf0aca5760, L_0x7faf0ac9a310, C4<0>, C4<0>;
L_0x7faf0ac9a430 .functor AND 1, L_0x7faf0aca2ce0, L_0x7faf0aca4230, C4<1>, C4<1>;
L_0x7faf0ac9a520 .functor AND 1, L_0x7faf0ac9a310, L_0x7faf0aca5760, C4<1>, C4<1>;
L_0x7faf0ac9a5d0 .functor OR 1, L_0x7faf0ac9a520, L_0x7faf0ac9a430, C4<0>, C4<0>;
v0x7faf0ac719e0_0 .net "a", 0 0, L_0x7faf0aca2ce0;  1 drivers
v0x7faf0ac71a80_0 .net "b", 0 0, L_0x7faf0aca4230;  1 drivers
v0x7faf0ac71b20_0 .net "cin", 0 0, L_0x7faf0aca5760;  1 drivers
v0x7faf0ac71bd0_0 .net "cout", 0 0, L_0x7faf0ac9a5d0;  1 drivers
v0x7faf0ac71c70_0 .net "outL", 0 0, L_0x7faf0ac9a430;  1 drivers
v0x7faf0ac71d50_0 .net "outR", 0 0, L_0x7faf0ac9a520;  1 drivers
v0x7faf0ac71df0_0 .net "tmp", 0 0, L_0x7faf0ac9a310;  1 drivers
v0x7faf0ac71e90_0 .net "z", 0 0, L_0x7faf0ac9a380;  1 drivers
S_0x7faf0ac71fb0 .scope module, "mine[8]" "yAdder1" 4 8, 5 1 0, S_0x7faf0ac5e6a0;
 .timescale 0 0;
    .port_info 0 /OUTPUT 1 "z"
    .port_info 1 /OUTPUT 1 "cout"
    .port_info 2 /INPUT 1 "a"
    .port_info 3 /INPUT 1 "b"
    .port_info 4 /INPUT 1 "cin"
L_0x7faf0ac9a6f0 .functor XOR 1, L_0x7faf0aca2d80, L_0x7faf0aca42d0, C4<0>, C4<0>;
L_0x7faf0ac9a760 .functor XOR 1, L_0x7faf0aca5c40, L_0x7faf0ac9a6f0, C4<0>, C4<0>;
L_0x7faf0ac9a810 .functor AND 1, L_0x7faf0aca2d80, L_0x7faf0aca42d0, C4<1>, C4<1>;
L_0x7faf0ac9a900 .functor AND 1, L_0x7faf0ac9a6f0, L_0x7faf0aca5c40, C4<1>, C4<1>;
L_0x7faf0ac9a9b0 .functor OR 1, L_0x7faf0ac9a900, L_0x7faf0ac9a810, C4<0>, C4<0>;
v0x7faf0ac72260_0 .net "a", 0 0, L_0x7faf0aca2d80;  1 drivers
v0x7faf0ac72300_0 .net "b", 0 0, L_0x7faf0aca42d0;  1 drivers
v0x7faf0ac723a0_0 .net "cin", 0 0, L_0x7faf0aca5c40;  1 drivers
v0x7faf0ac72430_0 .net "cout", 0 0, L_0x7faf0ac9a9b0;  1 drivers
v0x7faf0ac724c0_0 .net "outL", 0 0, L_0x7faf0ac9a810;  1 drivers
v0x7faf0ac72590_0 .net "outR", 0 0, L_0x7faf0ac9a900;  1 drivers
v0x7faf0ac72630_0 .net "tmp", 0 0, L_0x7faf0ac9a6f0;  1 drivers
v0x7faf0ac726d0_0 .net "z", 0 0, L_0x7faf0ac9a760;  1 drivers
S_0x7faf0ac727f0 .scope module, "mine[9]" "yAdder1" 4 8, 5 1 0, S_0x7faf0ac5e6a0;
 .timescale 0 0;
    .port_info 0 /OUTPUT 1 "z"
    .port_info 1 /OUTPUT 1 "cout"
    .port_info 2 /INPUT 1 "a"
    .port_info 3 /INPUT 1 "b"
    .port_info 4 /INPUT 1 "cin"
L_0x7faf0ac9aad0 .functor XOR 1, L_0x7faf0aca2e20, L_0x7faf0aca4570, C4<0>, C4<0>;
L_0x7faf0ac9ab40 .functor XOR 1, L_0x7faf0aca58f0, L_0x7faf0ac9aad0, C4<0>, C4<0>;
L_0x7faf0ac9abf0 .functor AND 1, L_0x7faf0aca2e20, L_0x7faf0aca4570, C4<1>, C4<1>;
L_0x7faf0ac9ace0 .functor AND 1, L_0x7faf0ac9aad0, L_0x7faf0aca58f0, C4<1>, C4<1>;
L_0x7faf0ac9ad90 .functor OR 1, L_0x7faf0ac9ace0, L_0x7faf0ac9abf0, C4<0>, C4<0>;
v0x7faf0ac72a20_0 .net "a", 0 0, L_0x7faf0aca2e20;  1 drivers
v0x7faf0ac72ac0_0 .net "b", 0 0, L_0x7faf0aca4570;  1 drivers
v0x7faf0ac72b60_0 .net "cin", 0 0, L_0x7faf0aca58f0;  1 drivers
v0x7faf0ac72c10_0 .net "cout", 0 0, L_0x7faf0ac9ad90;  1 drivers
v0x7faf0ac72cb0_0 .net "outL", 0 0, L_0x7faf0ac9abf0;  1 drivers
v0x7faf0ac72d90_0 .net "outR", 0 0, L_0x7faf0ac9ace0;  1 drivers
v0x7faf0ac72e30_0 .net "tmp", 0 0, L_0x7faf0ac9aad0;  1 drivers
v0x7faf0ac72ed0_0 .net "z", 0 0, L_0x7faf0ac9ab40;  1 drivers
S_0x7faf0ac72ff0 .scope module, "mine[10]" "yAdder1" 4 8, 5 1 0, S_0x7faf0ac5e6a0;
 .timescale 0 0;
    .port_info 0 /OUTPUT 1 "z"
    .port_info 1 /OUTPUT 1 "cout"
    .port_info 2 /INPUT 1 "a"
    .port_info 3 /INPUT 1 "b"
    .port_info 4 /INPUT 1 "cin"
L_0x7faf0ac9ae80 .functor XOR 1, L_0x7faf0aca2ec0, L_0x7faf0aca4610, C4<0>, C4<0>;
L_0x7faf0ac9aef0 .functor XOR 1, L_0x7faf0aca5990, L_0x7faf0ac9ae80, C4<0>, C4<0>;
L_0x7faf0ac9afa0 .functor AND 1, L_0x7faf0aca2ec0, L_0x7faf0aca4610, C4<1>, C4<1>;
L_0x7faf0ac9b090 .functor AND 1, L_0x7faf0ac9ae80, L_0x7faf0aca5990, C4<1>, C4<1>;
L_0x7faf0ac9b140 .functor OR 1, L_0x7faf0ac9b090, L_0x7faf0ac9afa0, C4<0>, C4<0>;
v0x7faf0ac73220_0 .net "a", 0 0, L_0x7faf0aca2ec0;  1 drivers
v0x7faf0ac732c0_0 .net "b", 0 0, L_0x7faf0aca4610;  1 drivers
v0x7faf0ac73360_0 .net "cin", 0 0, L_0x7faf0aca5990;  1 drivers
v0x7faf0ac73410_0 .net "cout", 0 0, L_0x7faf0ac9b140;  1 drivers
v0x7faf0ac734b0_0 .net "outL", 0 0, L_0x7faf0ac9afa0;  1 drivers
v0x7faf0ac73590_0 .net "outR", 0 0, L_0x7faf0ac9b090;  1 drivers
v0x7faf0ac73630_0 .net "tmp", 0 0, L_0x7faf0ac9ae80;  1 drivers
v0x7faf0ac736d0_0 .net "z", 0 0, L_0x7faf0ac9aef0;  1 drivers
S_0x7faf0ac737f0 .scope module, "mine[11]" "yAdder1" 4 8, 5 1 0, S_0x7faf0ac5e6a0;
 .timescale 0 0;
    .port_info 0 /OUTPUT 1 "z"
    .port_info 1 /OUTPUT 1 "cout"
    .port_info 2 /INPUT 1 "a"
    .port_info 3 /INPUT 1 "b"
    .port_info 4 /INPUT 1 "cin"
L_0x7faf0ac9b260 .functor XOR 1, L_0x7faf0aca2f60, L_0x7faf0aca4410, C4<0>, C4<0>;
L_0x7faf0ac9b2d0 .functor XOR 1, L_0x7faf0aca5a30, L_0x7faf0ac9b260, C4<0>, C4<0>;
L_0x7faf0ac9b380 .functor AND 1, L_0x7faf0aca2f60, L_0x7faf0aca4410, C4<1>, C4<1>;
L_0x7faf0ac9b470 .functor AND 1, L_0x7faf0ac9b260, L_0x7faf0aca5a30, C4<1>, C4<1>;
L_0x7faf0ac9b520 .functor OR 1, L_0x7faf0ac9b470, L_0x7faf0ac9b380, C4<0>, C4<0>;
v0x7faf0ac73a20_0 .net "a", 0 0, L_0x7faf0aca2f60;  1 drivers
v0x7faf0ac73ac0_0 .net "b", 0 0, L_0x7faf0aca4410;  1 drivers
v0x7faf0ac73b60_0 .net "cin", 0 0, L_0x7faf0aca5a30;  1 drivers
v0x7faf0ac73c10_0 .net "cout", 0 0, L_0x7faf0ac9b520;  1 drivers
v0x7faf0ac73cb0_0 .net "outL", 0 0, L_0x7faf0ac9b380;  1 drivers
v0x7faf0ac73d90_0 .net "outR", 0 0, L_0x7faf0ac9b470;  1 drivers
v0x7faf0ac73e30_0 .net "tmp", 0 0, L_0x7faf0ac9b260;  1 drivers
v0x7faf0ac73ed0_0 .net "z", 0 0, L_0x7faf0ac9b2d0;  1 drivers
S_0x7faf0ac73ff0 .scope module, "mine[12]" "yAdder1" 4 8, 5 1 0, S_0x7faf0ac5e6a0;
 .timescale 0 0;
    .port_info 0 /OUTPUT 1 "z"
    .port_info 1 /OUTPUT 1 "cout"
    .port_info 2 /INPUT 1 "a"
    .port_info 3 /INPUT 1 "b"
    .port_info 4 /INPUT 1 "cin"
L_0x7faf0ac9b640 .functor XOR 1, L_0x7faf0aca3000, L_0x7faf0aca44b0, C4<0>, C4<0>;
L_0x7faf0ac9b6b0 .functor XOR 1, L_0x7faf0aca5f50, L_0x7faf0ac9b640, C4<0>, C4<0>;
L_0x7faf0ac9b760 .functor AND 1, L_0x7faf0aca3000, L_0x7faf0aca44b0, C4<1>, C4<1>;
L_0x7faf0ac9b850 .functor AND 1, L_0x7faf0ac9b640, L_0x7faf0aca5f50, C4<1>, C4<1>;
L_0x7faf0ac9b900 .functor OR 1, L_0x7faf0ac9b850, L_0x7faf0ac9b760, C4<0>, C4<0>;
v0x7faf0ac74220_0 .net "a", 0 0, L_0x7faf0aca3000;  1 drivers
v0x7faf0ac742c0_0 .net "b", 0 0, L_0x7faf0aca44b0;  1 drivers
v0x7faf0ac74360_0 .net "cin", 0 0, L_0x7faf0aca5f50;  1 drivers
v0x7faf0ac74410_0 .net "cout", 0 0, L_0x7faf0ac9b900;  1 drivers
v0x7faf0ac744b0_0 .net "outL", 0 0, L_0x7faf0ac9b760;  1 drivers
v0x7faf0ac74590_0 .net "outR", 0 0, L_0x7faf0ac9b850;  1 drivers
v0x7faf0ac74630_0 .net "tmp", 0 0, L_0x7faf0ac9b640;  1 drivers
v0x7faf0ac746d0_0 .net "z", 0 0, L_0x7faf0ac9b6b0;  1 drivers
S_0x7faf0ac747f0 .scope module, "mine[13]" "yAdder1" 4 8, 5 1 0, S_0x7faf0ac5e6a0;
 .timescale 0 0;
    .port_info 0 /OUTPUT 1 "z"
    .port_info 1 /OUTPUT 1 "cout"
    .port_info 2 /INPUT 1 "a"
    .port_info 3 /INPUT 1 "b"
    .port_info 4 /INPUT 1 "cin"
L_0x7faf0ac9ba20 .functor XOR 1, L_0x7faf0aca30a0, L_0x7faf0aca4130, C4<0>, C4<0>;
L_0x7faf0ac9ba90 .functor XOR 1, L_0x7faf0aca5ce0, L_0x7faf0ac9ba20, C4<0>, C4<0>;
L_0x7faf0ac9bb40 .functor AND 1, L_0x7faf0aca30a0, L_0x7faf0aca4130, C4<1>, C4<1>;
L_0x7faf0ac9bc30 .functor AND 1, L_0x7faf0ac9ba20, L_0x7faf0aca5ce0, C4<1>, C4<1>;
L_0x7faf0ac9bce0 .functor OR 1, L_0x7faf0ac9bc30, L_0x7faf0ac9bb40, C4<0>, C4<0>;
v0x7faf0ac74a20_0 .net "a", 0 0, L_0x7faf0aca30a0;  1 drivers
v0x7faf0ac74ac0_0 .net "b", 0 0, L_0x7faf0aca4130;  1 drivers
v0x7faf0ac74b60_0 .net "cin", 0 0, L_0x7faf0aca5ce0;  1 drivers
v0x7faf0ac74c10_0 .net "cout", 0 0, L_0x7faf0ac9bce0;  1 drivers
v0x7faf0ac74cb0_0 .net "outL", 0 0, L_0x7faf0ac9bb40;  1 drivers
v0x7faf0ac74d90_0 .net "outR", 0 0, L_0x7faf0ac9bc30;  1 drivers
v0x7faf0ac74e30_0 .net "tmp", 0 0, L_0x7faf0ac9ba20;  1 drivers
v0x7faf0ac74ed0_0 .net "z", 0 0, L_0x7faf0ac9ba90;  1 drivers
S_0x7faf0ac74ff0 .scope module, "mine[14]" "yAdder1" 4 8, 5 1 0, S_0x7faf0ac5e6a0;
 .timescale 0 0;
    .port_info 0 /OUTPUT 1 "z"
    .port_info 1 /OUTPUT 1 "cout"
    .port_info 2 /INPUT 1 "a"
    .port_info 3 /INPUT 1 "b"
    .port_info 4 /INPUT 1 "cin"
L_0x7faf0ac9be00 .functor XOR 1, L_0x7faf0aca2af0, L_0x7faf0aca46b0, C4<0>, C4<0>;
L_0x7faf0ac9be70 .functor XOR 1, L_0x7faf0aca5d80, L_0x7faf0ac9be00, C4<0>, C4<0>;
L_0x7faf0ac9bf40 .functor AND 1, L_0x7faf0aca2af0, L_0x7faf0aca46b0, C4<1>, C4<1>;
L_0x7faf0ac9c050 .functor AND 1, L_0x7faf0ac9be00, L_0x7faf0aca5d80, C4<1>, C4<1>;
L_0x7faf0ac9c120 .functor OR 1, L_0x7faf0ac9c050, L_0x7faf0ac9bf40, C4<0>, C4<0>;
v0x7faf0ac75220_0 .net "a", 0 0, L_0x7faf0aca2af0;  1 drivers
v0x7faf0ac752c0_0 .net "b", 0 0, L_0x7faf0aca46b0;  1 drivers
v0x7faf0ac75360_0 .net "cin", 0 0, L_0x7faf0aca5d80;  1 drivers
v0x7faf0ac75410_0 .net "cout", 0 0, L_0x7faf0ac9c120;  1 drivers
v0x7faf0ac754b0_0 .net "outL", 0 0, L_0x7faf0ac9bf40;  1 drivers
v0x7faf0ac75590_0 .net "outR", 0 0, L_0x7faf0ac9c050;  1 drivers
v0x7faf0ac75630_0 .net "tmp", 0 0, L_0x7faf0ac9be00;  1 drivers
v0x7faf0ac756d0_0 .net "z", 0 0, L_0x7faf0ac9be70;  1 drivers
S_0x7faf0ac757f0 .scope module, "mine[15]" "yAdder1" 4 8, 5 1 0, S_0x7faf0ac5e6a0;
 .timescale 0 0;
    .port_info 0 /OUTPUT 1 "z"
    .port_info 1 /OUTPUT 1 "cout"
    .port_info 2 /INPUT 1 "a"
    .port_info 3 /INPUT 1 "b"
    .port_info 4 /INPUT 1 "cin"
L_0x7faf0ac9c260 .functor XOR 1, L_0x7faf0aca33d0, L_0x7faf0aca4750, C4<0>, C4<0>;
L_0x7faf0ac9c2f0 .functor XOR 1, L_0x7faf0aca5e20, L_0x7faf0ac9c260, C4<0>, C4<0>;
L_0x7faf0ac9c400 .functor AND 1, L_0x7faf0aca33d0, L_0x7faf0aca4750, C4<1>, C4<1>;
L_0x7faf0ac9c510 .functor AND 1, L_0x7faf0ac9c260, L_0x7faf0aca5e20, C4<1>, C4<1>;
L_0x7faf0ac9c5e0 .functor OR 1, L_0x7faf0ac9c510, L_0x7faf0ac9c400, C4<0>, C4<0>;
v0x7faf0ac75a20_0 .net "a", 0 0, L_0x7faf0aca33d0;  1 drivers
v0x7faf0ac75ac0_0 .net "b", 0 0, L_0x7faf0aca4750;  1 drivers
v0x7faf0ac75b60_0 .net "cin", 0 0, L_0x7faf0aca5e20;  1 drivers
v0x7faf0ac75c10_0 .net "cout", 0 0, L_0x7faf0ac9c5e0;  1 drivers
v0x7faf0ac75cb0_0 .net "outL", 0 0, L_0x7faf0ac9c400;  1 drivers
v0x7faf0ac75d90_0 .net "outR", 0 0, L_0x7faf0ac9c510;  1 drivers
v0x7faf0ac75e30_0 .net "tmp", 0 0, L_0x7faf0ac9c260;  1 drivers
v0x7faf0ac75ed0_0 .net "z", 0 0, L_0x7faf0ac9c2f0;  1 drivers
S_0x7faf0ac75ff0 .scope module, "mine[16]" "yAdder1" 4 8, 5 1 0, S_0x7faf0ac5e6a0;
 .timescale 0 0;
    .port_info 0 /OUTPUT 1 "z"
    .port_info 1 /OUTPUT 1 "cout"
    .port_info 2 /INPUT 1 "a"
    .port_info 3 /INPUT 1 "b"
    .port_info 4 /INPUT 1 "cin"
L_0x7faf0ac9c720 .functor XOR 1, L_0x7faf0aca3470, L_0x7faf0aca4bb0, C4<0>, C4<0>;
L_0x7faf0ac9c7b0 .functor XOR 1, L_0x7faf0aca5ad0, L_0x7faf0ac9c720, C4<0>, C4<0>;
L_0x7faf0ac9c8c0 .functor AND 1, L_0x7faf0aca3470, L_0x7faf0aca4bb0, C4<1>, C4<1>;
L_0x7faf0ac9c9d0 .functor AND 1, L_0x7faf0ac9c720, L_0x7faf0aca5ad0, C4<1>, C4<1>;
L_0x7faf0ac9caa0 .functor OR 1, L_0x7faf0ac9c9d0, L_0x7faf0ac9c8c0, C4<0>, C4<0>;
v0x7faf0ac762a0_0 .net "a", 0 0, L_0x7faf0aca3470;  1 drivers
v0x7faf0ac76340_0 .net "b", 0 0, L_0x7faf0aca4bb0;  1 drivers
v0x7faf0ac763e0_0 .net "cin", 0 0, L_0x7faf0aca5ad0;  1 drivers
v0x7faf0ac76490_0 .net "cout", 0 0, L_0x7faf0ac9caa0;  1 drivers
v0x7faf0ac76530_0 .net "outL", 0 0, L_0x7faf0ac9c8c0;  1 drivers
v0x7faf0ac76610_0 .net "outR", 0 0, L_0x7faf0ac9c9d0;  1 drivers
v0x7faf0ac766b0_0 .net "tmp", 0 0, L_0x7faf0ac9c720;  1 drivers
v0x7faf0ac76750_0 .net "z", 0 0, L_0x7faf0ac9c7b0;  1 drivers
S_0x7faf0ac76870 .scope module, "mine[17]" "yAdder1" 4 8, 5 1 0, S_0x7faf0ac5e6a0;
 .timescale 0 0;
    .port_info 0 /OUTPUT 1 "z"
    .port_info 1 /OUTPUT 1 "cout"
    .port_info 2 /INPUT 1 "a"
    .port_info 3 /INPUT 1 "b"
    .port_info 4 /INPUT 1 "cin"
L_0x7faf0ac9cbe0 .functor XOR 1, L_0x7faf0aca35b0, L_0x7faf0aca4a20, C4<0>, C4<0>;
L_0x7faf0ac9cc70 .functor XOR 1, L_0x7faf0aca5b70, L_0x7faf0ac9cbe0, C4<0>, C4<0>;
L_0x7faf0ac9cd80 .functor AND 1, L_0x7faf0aca35b0, L_0x7faf0aca4a20, C4<1>, C4<1>;
L_0x7faf0ac9ce90 .functor AND 1, L_0x7faf0ac9cbe0, L_0x7faf0aca5b70, C4<1>, C4<1>;
L_0x7faf0ac9cf60 .functor OR 1, L_0x7faf0ac9ce90, L_0x7faf0ac9cd80, C4<0>, C4<0>;
v0x7faf0ac76aa0_0 .net "a", 0 0, L_0x7faf0aca35b0;  1 drivers
v0x7faf0ac76b40_0 .net "b", 0 0, L_0x7faf0aca4a20;  1 drivers
v0x7faf0ac76be0_0 .net "cin", 0 0, L_0x7faf0aca5b70;  1 drivers
v0x7faf0ac76c90_0 .net "cout", 0 0, L_0x7faf0ac9cf60;  1 drivers
v0x7faf0ac76d30_0 .net "outL", 0 0, L_0x7faf0ac9cd80;  1 drivers
v0x7faf0ac76e10_0 .net "outR", 0 0, L_0x7faf0ac9ce90;  1 drivers
v0x7faf0ac76eb0_0 .net "tmp", 0 0, L_0x7faf0ac9cbe0;  1 drivers
v0x7faf0ac76f50_0 .net "z", 0 0, L_0x7faf0ac9cc70;  1 drivers
S_0x7faf0ac77070 .scope module, "mine[18]" "yAdder1" 4 8, 5 1 0, S_0x7faf0ac5e6a0;
 .timescale 0 0;
    .port_info 0 /OUTPUT 1 "z"
    .port_info 1 /OUTPUT 1 "cout"
    .port_info 2 /INPUT 1 "a"
    .port_info 3 /INPUT 1 "b"
    .port_info 4 /INPUT 1 "cin"
L_0x7faf0ac9d0a0 .functor XOR 1, L_0x7faf0aca3650, L_0x7faf0aca4ac0, C4<0>, C4<0>;
L_0x7faf0ac9d130 .functor XOR 1, L_0x7faf0aca5ff0, L_0x7faf0ac9d0a0, C4<0>, C4<0>;
L_0x7faf0ac9d240 .functor AND 1, L_0x7faf0aca3650, L_0x7faf0aca4ac0, C4<1>, C4<1>;
L_0x7faf0ac9d350 .functor AND 1, L_0x7faf0ac9d0a0, L_0x7faf0aca5ff0, C4<1>, C4<1>;
L_0x7faf0ac9d420 .functor OR 1, L_0x7faf0ac9d350, L_0x7faf0ac9d240, C4<0>, C4<0>;
v0x7faf0ac772a0_0 .net "a", 0 0, L_0x7faf0aca3650;  1 drivers
v0x7faf0ac77340_0 .net "b", 0 0, L_0x7faf0aca4ac0;  1 drivers
v0x7faf0ac773e0_0 .net "cin", 0 0, L_0x7faf0aca5ff0;  1 drivers
v0x7faf0ac77490_0 .net "cout", 0 0, L_0x7faf0ac9d420;  1 drivers
v0x7faf0ac77530_0 .net "outL", 0 0, L_0x7faf0ac9d240;  1 drivers
v0x7faf0ac77610_0 .net "outR", 0 0, L_0x7faf0ac9d350;  1 drivers
v0x7faf0ac776b0_0 .net "tmp", 0 0, L_0x7faf0ac9d0a0;  1 drivers
v0x7faf0ac77750_0 .net "z", 0 0, L_0x7faf0ac9d130;  1 drivers
S_0x7faf0ac77870 .scope module, "mine[19]" "yAdder1" 4 8, 5 1 0, S_0x7faf0ac5e6a0;
 .timescale 0 0;
    .port_info 0 /OUTPUT 1 "z"
    .port_info 1 /OUTPUT 1 "cout"
    .port_info 2 /INPUT 1 "a"
    .port_info 3 /INPUT 1 "b"
    .port_info 4 /INPUT 1 "cin"
L_0x7faf0ac9d560 .functor XOR 1, L_0x7faf0aca3510, L_0x7faf0aca4e00, C4<0>, C4<0>;
L_0x7faf0ac9d5f0 .functor XOR 1, L_0x7faf0aca6090, L_0x7faf0ac9d560, C4<0>, C4<0>;
L_0x7faf0ac9d700 .functor AND 1, L_0x7faf0aca3510, L_0x7faf0aca4e00, C4<1>, C4<1>;
L_0x7faf0ac9d810 .functor AND 1, L_0x7faf0ac9d560, L_0x7faf0aca6090, C4<1>, C4<1>;
L_0x7faf0ac9d8e0 .functor OR 1, L_0x7faf0ac9d810, L_0x7faf0ac9d700, C4<0>, C4<0>;
v0x7faf0ac77aa0_0 .net "a", 0 0, L_0x7faf0aca3510;  1 drivers
v0x7faf0ac77b40_0 .net "b", 0 0, L_0x7faf0aca4e00;  1 drivers
v0x7faf0ac77be0_0 .net "cin", 0 0, L_0x7faf0aca6090;  1 drivers
v0x7faf0ac77c90_0 .net "cout", 0 0, L_0x7faf0ac9d8e0;  1 drivers
v0x7faf0ac77d30_0 .net "outL", 0 0, L_0x7faf0ac9d700;  1 drivers
v0x7faf0ac77e10_0 .net "outR", 0 0, L_0x7faf0ac9d810;  1 drivers
v0x7faf0ac77eb0_0 .net "tmp", 0 0, L_0x7faf0ac9d560;  1 drivers
v0x7faf0ac77f50_0 .net "z", 0 0, L_0x7faf0ac9d5f0;  1 drivers
S_0x7faf0ac78070 .scope module, "mine[20]" "yAdder1" 4 8, 5 1 0, S_0x7faf0ac5e6a0;
 .timescale 0 0;
    .port_info 0 /OUTPUT 1 "z"
    .port_info 1 /OUTPUT 1 "cout"
    .port_info 2 /INPUT 1 "a"
    .port_info 3 /INPUT 1 "b"
    .port_info 4 /INPUT 1 "cin"
L_0x7faf0ac9da20 .functor XOR 1, L_0x7faf0aca37a0, L_0x7faf0aca4ea0, C4<0>, C4<0>;
L_0x7faf0ac9dab0 .functor XOR 1, L_0x7faf0aca6130, L_0x7faf0ac9da20, C4<0>, C4<0>;
L_0x7faf0ac9dbc0 .functor AND 1, L_0x7faf0aca37a0, L_0x7faf0aca4ea0, C4<1>, C4<1>;
L_0x7faf0ac9dcd0 .functor AND 1, L_0x7faf0ac9da20, L_0x7faf0aca6130, C4<1>, C4<1>;
L_0x7faf0ac9dda0 .functor OR 1, L_0x7faf0ac9dcd0, L_0x7faf0ac9dbc0, C4<0>, C4<0>;
v0x7faf0ac782a0_0 .net "a", 0 0, L_0x7faf0aca37a0;  1 drivers
v0x7faf0ac78340_0 .net "b", 0 0, L_0x7faf0aca4ea0;  1 drivers
v0x7faf0ac783e0_0 .net "cin", 0 0, L_0x7faf0aca6130;  1 drivers
v0x7faf0ac78490_0 .net "cout", 0 0, L_0x7faf0ac9dda0;  1 drivers
v0x7faf0ac78530_0 .net "outL", 0 0, L_0x7faf0ac9dbc0;  1 drivers
v0x7faf0ac78610_0 .net "outR", 0 0, L_0x7faf0ac9dcd0;  1 drivers
v0x7faf0ac786b0_0 .net "tmp", 0 0, L_0x7faf0ac9da20;  1 drivers
v0x7faf0ac78750_0 .net "z", 0 0, L_0x7faf0ac9dab0;  1 drivers
S_0x7faf0ac78870 .scope module, "mine[21]" "yAdder1" 4 8, 5 1 0, S_0x7faf0ac5e6a0;
 .timescale 0 0;
    .port_info 0 /OUTPUT 1 "z"
    .port_info 1 /OUTPUT 1 "cout"
    .port_info 2 /INPUT 1 "a"
    .port_info 3 /INPUT 1 "b"
    .port_info 4 /INPUT 1 "cin"
L_0x7faf0ac9dee0 .functor XOR 1, L_0x7faf0aca3900, L_0x7faf0aca4c50, C4<0>, C4<0>;
L_0x7faf0ac9df70 .functor XOR 1, L_0x7faf0aca61d0, L_0x7faf0ac9dee0, C4<0>, C4<0>;
L_0x7faf0ac9e080 .functor AND 1, L_0x7faf0aca3900, L_0x7faf0aca4c50, C4<1>, C4<1>;
L_0x7faf0ac9e190 .functor AND 1, L_0x7faf0ac9dee0, L_0x7faf0aca61d0, C4<1>, C4<1>;
L_0x7faf0ac9e260 .functor OR 1, L_0x7faf0ac9e190, L_0x7faf0ac9e080, C4<0>, C4<0>;
v0x7faf0ac78aa0_0 .net "a", 0 0, L_0x7faf0aca3900;  1 drivers
v0x7faf0ac78b40_0 .net "b", 0 0, L_0x7faf0aca4c50;  1 drivers
v0x7faf0ac78be0_0 .net "cin", 0 0, L_0x7faf0aca61d0;  1 drivers
v0x7faf0ac78c90_0 .net "cout", 0 0, L_0x7faf0ac9e260;  1 drivers
v0x7faf0ac78d30_0 .net "outL", 0 0, L_0x7faf0ac9e080;  1 drivers
v0x7faf0ac78e10_0 .net "outR", 0 0, L_0x7faf0ac9e190;  1 drivers
v0x7faf0ac78eb0_0 .net "tmp", 0 0, L_0x7faf0ac9dee0;  1 drivers
v0x7faf0ac78f50_0 .net "z", 0 0, L_0x7faf0ac9df70;  1 drivers
S_0x7faf0ac79070 .scope module, "mine[22]" "yAdder1" 4 8, 5 1 0, S_0x7faf0ac5e6a0;
 .timescale 0 0;
    .port_info 0 /OUTPUT 1 "z"
    .port_info 1 /OUTPUT 1 "cout"
    .port_info 2 /INPUT 1 "a"
    .port_info 3 /INPUT 1 "b"
    .port_info 4 /INPUT 1 "cin"
L_0x7faf0ac9e3a0 .functor XOR 1, L_0x7faf0aca39a0, L_0x7faf0aca4cf0, C4<0>, C4<0>;
L_0x7faf0ac9e430 .functor XOR 1, L_0x7faf0aca6740, L_0x7faf0ac9e3a0, C4<0>, C4<0>;
L_0x7faf0ac9e540 .functor AND 1, L_0x7faf0aca39a0, L_0x7faf0aca4cf0, C4<1>, C4<1>;
L_0x7faf0ac9e650 .functor AND 1, L_0x7faf0ac9e3a0, L_0x7faf0aca6740, C4<1>, C4<1>;
L_0x7faf0ac9e720 .functor OR 1, L_0x7faf0ac9e650, L_0x7faf0ac9e540, C4<0>, C4<0>;
v0x7faf0ac792a0_0 .net "a", 0 0, L_0x7faf0aca39a0;  1 drivers
v0x7faf0ac79340_0 .net "b", 0 0, L_0x7faf0aca4cf0;  1 drivers
v0x7faf0ac793e0_0 .net "cin", 0 0, L_0x7faf0aca6740;  1 drivers
v0x7faf0ac79490_0 .net "cout", 0 0, L_0x7faf0ac9e720;  1 drivers
v0x7faf0ac79530_0 .net "outL", 0 0, L_0x7faf0ac9e540;  1 drivers
v0x7faf0ac79610_0 .net "outR", 0 0, L_0x7faf0ac9e650;  1 drivers
v0x7faf0ac796b0_0 .net "tmp", 0 0, L_0x7faf0ac9e3a0;  1 drivers
v0x7faf0ac79750_0 .net "z", 0 0, L_0x7faf0ac9e430;  1 drivers
S_0x7faf0ac79870 .scope module, "mine[23]" "yAdder1" 4 8, 5 1 0, S_0x7faf0ac5e6a0;
 .timescale 0 0;
    .port_info 0 /OUTPUT 1 "z"
    .port_info 1 /OUTPUT 1 "cout"
    .port_info 2 /INPUT 1 "a"
    .port_info 3 /INPUT 1 "b"
    .port_info 4 /INPUT 1 "cin"
L_0x7faf0ac9e860 .functor XOR 1, L_0x7faf0aca36f0, L_0x7faf0aca5110, C4<0>, C4<0>;
L_0x7faf0ac9e8f0 .functor XOR 1, L_0x7faf0aca6480, L_0x7faf0ac9e860, C4<0>, C4<0>;
L_0x7faf0ac9ea00 .functor AND 1, L_0x7faf0aca36f0, L_0x7faf0aca5110, C4<1>, C4<1>;
L_0x7faf0ac9eb10 .functor AND 1, L_0x7faf0ac9e860, L_0x7faf0aca6480, C4<1>, C4<1>;
L_0x7faf0ac9ebe0 .functor OR 1, L_0x7faf0ac9eb10, L_0x7faf0ac9ea00, C4<0>, C4<0>;
v0x7faf0ac79aa0_0 .net "a", 0 0, L_0x7faf0aca36f0;  1 drivers
v0x7faf0ac79b40_0 .net "b", 0 0, L_0x7faf0aca5110;  1 drivers
v0x7faf0ac79be0_0 .net "cin", 0 0, L_0x7faf0aca6480;  1 drivers
v0x7faf0ac79c90_0 .net "cout", 0 0, L_0x7faf0ac9ebe0;  1 drivers
v0x7faf0ac79d30_0 .net "outL", 0 0, L_0x7faf0ac9ea00;  1 drivers
v0x7faf0ac79e10_0 .net "outR", 0 0, L_0x7faf0ac9eb10;  1 drivers
v0x7faf0ac79eb0_0 .net "tmp", 0 0, L_0x7faf0ac9e860;  1 drivers
v0x7faf0ac79f50_0 .net "z", 0 0, L_0x7faf0ac9e8f0;  1 drivers
S_0x7faf0ac7a070 .scope module, "mine[24]" "yAdder1" 4 8, 5 1 0, S_0x7faf0ac5e6a0;
 .timescale 0 0;
    .port_info 0 /OUTPUT 1 "z"
    .port_info 1 /OUTPUT 1 "cout"
    .port_info 2 /INPUT 1 "a"
    .port_info 3 /INPUT 1 "b"
    .port_info 4 /INPUT 1 "cin"
L_0x7faf0ac9ed20 .functor XOR 1, L_0x7faf0aca3b10, L_0x7faf0aca51b0, C4<0>, C4<0>;
L_0x7faf0ac9edb0 .functor XOR 1, L_0x7faf0aca6520, L_0x7faf0ac9ed20, C4<0>, C4<0>;
L_0x7faf0ac9eec0 .functor AND 1, L_0x7faf0aca3b10, L_0x7faf0aca51b0, C4<1>, C4<1>;
L_0x7faf0ac9efd0 .functor AND 1, L_0x7faf0ac9ed20, L_0x7faf0aca6520, C4<1>, C4<1>;
L_0x7faf0ac9f0a0 .functor OR 1, L_0x7faf0ac9efd0, L_0x7faf0ac9eec0, C4<0>, C4<0>;
v0x7faf0ac7a2a0_0 .net "a", 0 0, L_0x7faf0aca3b10;  1 drivers
v0x7faf0ac7a340_0 .net "b", 0 0, L_0x7faf0aca51b0;  1 drivers
v0x7faf0ac7a3e0_0 .net "cin", 0 0, L_0x7faf0aca6520;  1 drivers
v0x7faf0ac7a490_0 .net "cout", 0 0, L_0x7faf0ac9f0a0;  1 drivers
v0x7faf0ac7a530_0 .net "outL", 0 0, L_0x7faf0ac9eec0;  1 drivers
v0x7faf0ac7a610_0 .net "outR", 0 0, L_0x7faf0ac9efd0;  1 drivers
v0x7faf0ac7a6b0_0 .net "tmp", 0 0, L_0x7faf0ac9ed20;  1 drivers
v0x7faf0ac7a750_0 .net "z", 0 0, L_0x7faf0ac9edb0;  1 drivers
S_0x7faf0ac7a870 .scope module, "mine[25]" "yAdder1" 4 8, 5 1 0, S_0x7faf0ac5e6a0;
 .timescale 0 0;
    .port_info 0 /OUTPUT 1 "z"
    .port_info 1 /OUTPUT 1 "cout"
    .port_info 2 /INPUT 1 "a"
    .port_info 3 /INPUT 1 "b"
    .port_info 4 /INPUT 1 "cin"
L_0x7faf0ac9f1e0 .functor XOR 1, L_0x7faf0aca3840, L_0x7faf0aca4f40, C4<0>, C4<0>;
L_0x7faf0ac9f270 .functor XOR 1, L_0x7faf0aca65c0, L_0x7faf0ac9f1e0, C4<0>, C4<0>;
L_0x7faf0ac9f380 .functor AND 1, L_0x7faf0aca3840, L_0x7faf0aca4f40, C4<1>, C4<1>;
L_0x7faf0ac9f490 .functor AND 1, L_0x7faf0ac9f1e0, L_0x7faf0aca65c0, C4<1>, C4<1>;
L_0x7faf0ac9f560 .functor OR 1, L_0x7faf0ac9f490, L_0x7faf0ac9f380, C4<0>, C4<0>;
v0x7faf0ac7aaa0_0 .net "a", 0 0, L_0x7faf0aca3840;  1 drivers
v0x7faf0ac7ab40_0 .net "b", 0 0, L_0x7faf0aca4f40;  1 drivers
v0x7faf0ac7abe0_0 .net "cin", 0 0, L_0x7faf0aca65c0;  1 drivers
v0x7faf0ac7ac90_0 .net "cout", 0 0, L_0x7faf0ac9f560;  1 drivers
v0x7faf0ac7ad30_0 .net "outL", 0 0, L_0x7faf0ac9f380;  1 drivers
v0x7faf0ac7ae10_0 .net "outR", 0 0, L_0x7faf0ac9f490;  1 drivers
v0x7faf0ac7aeb0_0 .net "tmp", 0 0, L_0x7faf0ac9f1e0;  1 drivers
v0x7faf0ac7af50_0 .net "z", 0 0, L_0x7faf0ac9f270;  1 drivers
S_0x7faf0ac7b070 .scope module, "mine[26]" "yAdder1" 4 8, 5 1 0, S_0x7faf0ac5e6a0;
 .timescale 0 0;
    .port_info 0 /OUTPUT 1 "z"
    .port_info 1 /OUTPUT 1 "cout"
    .port_info 2 /INPUT 1 "a"
    .port_info 3 /INPUT 1 "b"
    .port_info 4 /INPUT 1 "cin"
L_0x7faf0ac9f6a0 .functor XOR 1, L_0x7faf0aca3c90, L_0x7faf0aca4fe0, C4<0>, C4<0>;
L_0x7faf0ac9f730 .functor XOR 1, L_0x7faf0aca6660, L_0x7faf0ac9f6a0, C4<0>, C4<0>;
L_0x7faf0ac9f840 .functor AND 1, L_0x7faf0aca3c90, L_0x7faf0aca4fe0, C4<1>, C4<1>;
L_0x7faf0ac9f950 .functor AND 1, L_0x7faf0ac9f6a0, L_0x7faf0aca6660, C4<1>, C4<1>;
L_0x7faf0ac9fa20 .functor OR 1, L_0x7faf0ac9f950, L_0x7faf0ac9f840, C4<0>, C4<0>;
v0x7faf0ac7b2a0_0 .net "a", 0 0, L_0x7faf0aca3c90;  1 drivers
v0x7faf0ac7b340_0 .net "b", 0 0, L_0x7faf0aca4fe0;  1 drivers
v0x7faf0ac7b3e0_0 .net "cin", 0 0, L_0x7faf0aca6660;  1 drivers
v0x7faf0ac7b490_0 .net "cout", 0 0, L_0x7faf0ac9fa20;  1 drivers
v0x7faf0ac7b530_0 .net "outL", 0 0, L_0x7faf0ac9f840;  1 drivers
v0x7faf0ac7b610_0 .net "outR", 0 0, L_0x7faf0ac9f950;  1 drivers
v0x7faf0ac7b6b0_0 .net "tmp", 0 0, L_0x7faf0ac9f6a0;  1 drivers
v0x7faf0ac7b750_0 .net "z", 0 0, L_0x7faf0ac9f730;  1 drivers
S_0x7faf0ac7b870 .scope module, "mine[27]" "yAdder1" 4 8, 5 1 0, S_0x7faf0ac5e6a0;
 .timescale 0 0;
    .port_info 0 /OUTPUT 1 "z"
    .port_info 1 /OUTPUT 1 "cout"
    .port_info 2 /INPUT 1 "a"
    .port_info 3 /INPUT 1 "b"
    .port_info 4 /INPUT 1 "cin"
L_0x7faf0ac9fb60 .functor XOR 1, L_0x7faf0aca3a40, L_0x7faf0aca5440, C4<0>, C4<0>;
L_0x7faf0ac9fbf0 .functor XOR 1, L_0x7faf0aca6ad0, L_0x7faf0ac9fb60, C4<0>, C4<0>;
L_0x7faf0ac9fd00 .functor AND 1, L_0x7faf0aca3a40, L_0x7faf0aca5440, C4<1>, C4<1>;
L_0x7faf0ac9fe10 .functor AND 1, L_0x7faf0ac9fb60, L_0x7faf0aca6ad0, C4<1>, C4<1>;
L_0x7faf0ac9fee0 .functor OR 1, L_0x7faf0ac9fe10, L_0x7faf0ac9fd00, C4<0>, C4<0>;
v0x7faf0ac7baa0_0 .net "a", 0 0, L_0x7faf0aca3a40;  1 drivers
v0x7faf0ac7bb40_0 .net "b", 0 0, L_0x7faf0aca5440;  1 drivers
v0x7faf0ac7bbe0_0 .net "cin", 0 0, L_0x7faf0aca6ad0;  1 drivers
v0x7faf0ac7bc90_0 .net "cout", 0 0, L_0x7faf0ac9fee0;  1 drivers
v0x7faf0ac7bd30_0 .net "outL", 0 0, L_0x7faf0ac9fd00;  1 drivers
v0x7faf0ac7be10_0 .net "outR", 0 0, L_0x7faf0ac9fe10;  1 drivers
v0x7faf0ac7beb0_0 .net "tmp", 0 0, L_0x7faf0ac9fb60;  1 drivers
v0x7faf0ac7bf50_0 .net "z", 0 0, L_0x7faf0ac9fbf0;  1 drivers
S_0x7faf0ac7c070 .scope module, "mine[28]" "yAdder1" 4 8, 5 1 0, S_0x7faf0ac5e6a0;
 .timescale 0 0;
    .port_info 0 /OUTPUT 1 "z"
    .port_info 1 /OUTPUT 1 "cout"
    .port_info 2 /INPUT 1 "a"
    .port_info 3 /INPUT 1 "b"
    .port_info 4 /INPUT 1 "cin"
L_0x7faf0aca0020 .functor XOR 1, L_0x7faf0aca3e20, L_0x7faf0aca54e0, C4<0>, C4<0>;
L_0x7faf0aca00b0 .functor XOR 1, L_0x7faf0aca6b70, L_0x7faf0aca0020, C4<0>, C4<0>;
L_0x7faf0aca01c0 .functor AND 1, L_0x7faf0aca3e20, L_0x7faf0aca54e0, C4<1>, C4<1>;
L_0x7faf0aca02d0 .functor AND 1, L_0x7faf0aca0020, L_0x7faf0aca6b70, C4<1>, C4<1>;
L_0x7faf0aca03a0 .functor OR 1, L_0x7faf0aca02d0, L_0x7faf0aca01c0, C4<0>, C4<0>;
v0x7faf0ac7c2a0_0 .net "a", 0 0, L_0x7faf0aca3e20;  1 drivers
v0x7faf0ac7c340_0 .net "b", 0 0, L_0x7faf0aca54e0;  1 drivers
v0x7faf0ac7c3e0_0 .net "cin", 0 0, L_0x7faf0aca6b70;  1 drivers
v0x7faf0ac7c490_0 .net "cout", 0 0, L_0x7faf0aca03a0;  1 drivers
v0x7faf0ac7c530_0 .net "outL", 0 0, L_0x7faf0aca01c0;  1 drivers
v0x7faf0ac7c610_0 .net "outR", 0 0, L_0x7faf0aca02d0;  1 drivers
v0x7faf0ac7c6b0_0 .net "tmp", 0 0, L_0x7faf0aca0020;  1 drivers
v0x7faf0ac7c750_0 .net "z", 0 0, L_0x7faf0aca00b0;  1 drivers
S_0x7faf0ac7c870 .scope module, "mine[29]" "yAdder1" 4 8, 5 1 0, S_0x7faf0ac5e6a0;
 .timescale 0 0;
    .port_info 0 /OUTPUT 1 "z"
    .port_info 1 /OUTPUT 1 "cout"
    .port_info 2 /INPUT 1 "a"
    .port_info 3 /INPUT 1 "b"
    .port_info 4 /INPUT 1 "cin"
L_0x7faf0aca04e0 .functor XOR 1, L_0x7faf0aca3bb0, L_0x7faf0aca5250, C4<0>, C4<0>;
L_0x7faf0aca0570 .functor XOR 1, L_0x7faf0aca67e0, L_0x7faf0aca04e0, C4<0>, C4<0>;
L_0x7faf0aca0680 .functor AND 1, L_0x7faf0aca3bb0, L_0x7faf0aca5250, C4<1>, C4<1>;
L_0x7faf0aca0790 .functor AND 1, L_0x7faf0aca04e0, L_0x7faf0aca67e0, C4<1>, C4<1>;
L_0x7faf0aca0860 .functor OR 1, L_0x7faf0aca0790, L_0x7faf0aca0680, C4<0>, C4<0>;
v0x7faf0ac7caa0_0 .net "a", 0 0, L_0x7faf0aca3bb0;  1 drivers
v0x7faf0ac7cb40_0 .net "b", 0 0, L_0x7faf0aca5250;  1 drivers
v0x7faf0ac7cbe0_0 .net "cin", 0 0, L_0x7faf0aca67e0;  1 drivers
v0x7faf0ac7cc90_0 .net "cout", 0 0, L_0x7faf0aca0860;  1 drivers
v0x7faf0ac7cd30_0 .net "outL", 0 0, L_0x7faf0aca0680;  1 drivers
v0x7faf0ac7ce10_0 .net "outR", 0 0, L_0x7faf0aca0790;  1 drivers
v0x7faf0ac7ceb0_0 .net "tmp", 0 0, L_0x7faf0aca04e0;  1 drivers
v0x7faf0ac7cf50_0 .net "z", 0 0, L_0x7faf0aca0570;  1 drivers
S_0x7faf0ac7d070 .scope module, "mine[30]" "yAdder1" 4 8, 5 1 0, S_0x7faf0ac5e6a0;
 .timescale 0 0;
    .port_info 0 /OUTPUT 1 "z"
    .port_info 1 /OUTPUT 1 "cout"
    .port_info 2 /INPUT 1 "a"
    .port_info 3 /INPUT 1 "b"
    .port_info 4 /INPUT 1 "cin"
L_0x7faf0aca09a0 .functor XOR 1, L_0x7faf0aca3140, L_0x7faf0aca52f0, C4<0>, C4<0>;
L_0x7faf0aca0a30 .functor XOR 1, L_0x7faf0aca6880, L_0x7faf0aca09a0, C4<0>, C4<0>;
L_0x7faf0aca0b40 .functor AND 1, L_0x7faf0aca3140, L_0x7faf0aca52f0, C4<1>, C4<1>;
L_0x7faf0aca0c50 .functor AND 1, L_0x7faf0aca09a0, L_0x7faf0aca6880, C4<1>, C4<1>;
L_0x7faf0aca0d20 .functor OR 1, L_0x7faf0aca0c50, L_0x7faf0aca0b40, C4<0>, C4<0>;
v0x7faf0ac7d2a0_0 .net "a", 0 0, L_0x7faf0aca3140;  1 drivers
v0x7faf0ac7d340_0 .net "b", 0 0, L_0x7faf0aca52f0;  1 drivers
v0x7faf0ac7d3e0_0 .net "cin", 0 0, L_0x7faf0aca6880;  1 drivers
v0x7faf0ac7d490_0 .net "cout", 0 0, L_0x7faf0aca0d20;  1 drivers
v0x7faf0ac7d530_0 .net "outL", 0 0, L_0x7faf0aca0b40;  1 drivers
v0x7faf0ac7d610_0 .net "outR", 0 0, L_0x7faf0aca0c50;  1 drivers
v0x7faf0ac7d6b0_0 .net "tmp", 0 0, L_0x7faf0aca09a0;  1 drivers
v0x7faf0ac7d750_0 .net "z", 0 0, L_0x7faf0aca0a30;  1 drivers
S_0x7faf0ac7d870 .scope module, "mine[31]" "yAdder1" 4 8, 5 1 0, S_0x7faf0ac5e6a0;
 .timescale 0 0;
    .port_info 0 /OUTPUT 1 "z"
    .port_info 1 /OUTPUT 1 "cout"
    .port_info 2 /INPUT 1 "a"
    .port_info 3 /INPUT 1 "b"
    .port_info 4 /INPUT 1 "cin"
L_0x7faf0aca0e60 .functor XOR 1, L_0x7faf0aca31e0, L_0x7faf0aca5390, C4<0>, C4<0>;
L_0x7faf0aca0ef0 .functor XOR 1, L_0x7faf0aca6920, L_0x7faf0aca0e60, C4<0>, C4<0>;
L_0x7faf0aca1000 .functor AND 1, L_0x7faf0aca31e0, L_0x7faf0aca5390, C4<1>, C4<1>;
L_0x7faf0aca1110 .functor AND 1, L_0x7faf0aca0e60, L_0x7faf0aca6920, C4<1>, C4<1>;
L_0x7faf0aca11e0 .functor OR 1, L_0x7faf0aca1110, L_0x7faf0aca1000, C4<0>, C4<0>;
v0x7faf0ac7daa0_0 .net "a", 0 0, L_0x7faf0aca31e0;  1 drivers
v0x7faf0ac7db40_0 .net "b", 0 0, L_0x7faf0aca5390;  1 drivers
v0x7faf0ac7dbe0_0 .net "cin", 0 0, L_0x7faf0aca6920;  1 drivers
v0x7faf0ac7dc90_0 .net "cout", 0 0, L_0x7faf0aca11e0;  1 drivers
v0x7faf0ac7dd30_0 .net "outL", 0 0, L_0x7faf0aca1000;  1 drivers
v0x7faf0ac7de10_0 .net "outR", 0 0, L_0x7faf0aca1110;  1 drivers
v0x7faf0ac7deb0_0 .net "tmp", 0 0, L_0x7faf0aca0e60;  1 drivers
v0x7faf0ac7df50_0 .net "z", 0 0, L_0x7faf0aca0ef0;  1 drivers
S_0x7faf0ac7e770 .scope module, "mux" "yMux" 3 12, 6 1 0, S_0x7faf0ac5e4c0;
 .timescale 0 0;
    .port_info 0 /OUTPUT 32 "z"
    .port_info 1 /INPUT 32 "a"
    .port_info 2 /INPUT 32 "b"
    .port_info 3 /INPUT 1 "c"
P_0x7faf0ac7e920 .param/l "SIZE" 0 6 2, +C4<00000000000000000000000000100000>;
v0x7faf0ac8cce0_0 .net "a", 31 0, v0x7faf0ac8d6c0_0;  alias, 1 drivers
v0x7faf0ac8cda0_0 .net "b", 31 0, L_0x7faf0ac8db40;  alias, 1 drivers
v0x7faf0ac8ce40_0 .net "c", 0 0, L_0x7faf0ac8da90;  alias, 1 drivers
v0x7faf0ac8cef0_0 .net "z", 31 0, L_0x7faf0ac94390;  alias, 1 drivers
LS_0x7faf0ac94390_0_0 .concat [ 1 1 1 1], L_0x7faf0ac8de00, L_0x7faf0ac8e140, L_0x7faf0ac8e4a0, L_0x7faf0ac8e800;
LS_0x7faf0ac94390_0_4 .concat [ 1 1 1 1], L_0x7faf0ac8eb40, L_0x7faf0ac8ee80, L_0x7faf0ac8f1c0, L_0x7faf0ac8f4e0;
LS_0x7faf0ac94390_0_8 .concat [ 1 1 1 1], L_0x7faf0ac8f800, L_0x7faf0ac8fb40, L_0x7faf0ac8fe80, L_0x7faf0ac901c0;
LS_0x7faf0ac94390_0_12 .concat [ 1 1 1 1], L_0x7faf0ac90500, L_0x7faf0ac90840, L_0x7faf0ac90b80, L_0x7faf0ac90ea0;
LS_0x7faf0ac94390_0_16 .concat [ 1 1 1 1], L_0x7faf0ac911c0, L_0x7faf0ac91500, L_0x7faf0ac91840, L_0x7faf0ac91b80;
LS_0x7faf0ac94390_0_20 .concat [ 1 1 1 1], L_0x7faf0ac91ec0, L_0x7faf0ac92200, L_0x7faf0ac92540, L_0x7faf0ac92880;
LS_0x7faf0ac94390_0_24 .concat [ 1 1 1 1], L_0x7faf0ac92bc0, L_0x7faf0ac92f00, L_0x7faf0ac93240, L_0x7faf0ac93580;
LS_0x7faf0ac94390_0_28 .concat [ 1 1 1 1], L_0x7faf0ac938c0, L_0x7faf0ac93c00, L_0x7faf0ac93f40, L_0x7faf0ac94280;
LS_0x7faf0ac94390_1_0 .concat [ 4 4 4 4], LS_0x7faf0ac94390_0_0, LS_0x7faf0ac94390_0_4, LS_0x7faf0ac94390_0_8, LS_0x7faf0ac94390_0_12;
LS_0x7faf0ac94390_1_4 .concat [ 4 4 4 4], LS_0x7faf0ac94390_0_16, LS_0x7faf0ac94390_0_20, LS_0x7faf0ac94390_0_24, LS_0x7faf0ac94390_0_28;
L_0x7faf0ac94390 .concat [ 16 16 0 0], LS_0x7faf0ac94390_1_0, LS_0x7faf0ac94390_1_4;
L_0x7faf0ac94d40 .part v0x7faf0ac8d6c0_0, 0, 1;
L_0x7faf0ac94ea0 .part v0x7faf0ac8d6c0_0, 1, 1;
L_0x7faf0ac94f40 .part v0x7faf0ac8d6c0_0, 2, 1;
L_0x7faf0ac95020 .part v0x7faf0ac8d6c0_0, 3, 1;
L_0x7faf0ac95130 .part v0x7faf0ac8d6c0_0, 4, 1;
L_0x7faf0ac95310 .part v0x7faf0ac8d6c0_0, 5, 1;
L_0x7faf0ac953f0 .part v0x7faf0ac8d6c0_0, 6, 1;
L_0x7faf0ac95490 .part v0x7faf0ac8d6c0_0, 7, 1;
L_0x7faf0ac955c0 .part v0x7faf0ac8d6c0_0, 8, 1;
L_0x7faf0ac95660 .part v0x7faf0ac8d6c0_0, 9, 1;
L_0x7faf0ac957a0 .part v0x7faf0ac8d6c0_0, 10, 1;
L_0x7faf0ac95880 .part v0x7faf0ac8d6c0_0, 11, 1;
L_0x7faf0ac95990 .part v0x7faf0ac8d6c0_0, 12, 1;
L_0x7faf0ac95210 .part v0x7faf0ac8d6c0_0, 13, 1;
L_0x7faf0ac95cf0 .part v0x7faf0ac8d6c0_0, 14, 1;
L_0x7faf0ac95d90 .part v0x7faf0ac8d6c0_0, 15, 1;
L_0x7faf0ac95ec0 .part v0x7faf0ac8d6c0_0, 16, 1;
L_0x7faf0ac95fa0 .part v0x7faf0ac8d6c0_0, 17, 1;
L_0x7faf0ac960e0 .part v0x7faf0ac8d6c0_0, 18, 1;
L_0x7faf0ac96180 .part v0x7faf0ac8d6c0_0, 19, 1;
L_0x7faf0ac96040 .part v0x7faf0ac8d6c0_0, 20, 1;
L_0x7faf0ac962d0 .part v0x7faf0ac8d6c0_0, 21, 1;
L_0x7faf0ac96470 .part v0x7faf0ac8d6c0_0, 22, 1;
L_0x7faf0ac96220 .part v0x7faf0ac8d6c0_0, 23, 1;
L_0x7faf0ac96660 .part v0x7faf0ac8d6c0_0, 24, 1;
L_0x7faf0ac963b0 .part v0x7faf0ac8d6c0_0, 25, 1;
L_0x7faf0ac96860 .part v0x7faf0ac8d6c0_0, 26, 1;
L_0x7faf0ac96590 .part v0x7faf0ac8d6c0_0, 27, 1;
L_0x7faf0ac96a70 .part v0x7faf0ac8d6c0_0, 28, 1;
L_0x7faf0ac96780 .part v0x7faf0ac8d6c0_0, 29, 1;
L_0x7faf0ac95b70 .part v0x7faf0ac8d6c0_0, 30, 1;
L_0x7faf0ac96980 .part v0x7faf0ac8d6c0_0, 31, 1;
L_0x7faf0ac95a70 .part L_0x7faf0ac8db40, 0, 1;
L_0x7faf0ac96c60 .part L_0x7faf0ac8db40, 1, 1;
L_0x7faf0ac96b50 .part L_0x7faf0ac8db40, 2, 1;
L_0x7faf0ac96ea0 .part L_0x7faf0ac8db40, 3, 1;
L_0x7faf0ac96d80 .part L_0x7faf0ac8db40, 4, 1;
L_0x7faf0ac97070 .part L_0x7faf0ac8db40, 5, 1;
L_0x7faf0ac96f40 .part L_0x7faf0ac8db40, 6, 1;
L_0x7faf0ac97350 .part L_0x7faf0ac8db40, 7, 1;
L_0x7faf0ac97210 .part L_0x7faf0ac8db40, 8, 1;
L_0x7faf0ac972b0 .part L_0x7faf0ac8db40, 9, 1;
L_0x7faf0ac97550 .part L_0x7faf0ac8db40, 10, 1;
L_0x7faf0ac97630 .part L_0x7faf0ac8db40, 11, 1;
L_0x7faf0ac973f0 .part L_0x7faf0ac8db40, 12, 1;
L_0x7faf0ac97880 .part L_0x7faf0ac8db40, 13, 1;
L_0x7faf0ac97110 .part L_0x7faf0ac8db40, 14, 1;
L_0x7faf0ac97710 .part L_0x7faf0ac8db40, 15, 1;
L_0x7faf0ac977b0 .part L_0x7faf0ac8db40, 16, 1;
L_0x7faf0ac97cf0 .part L_0x7faf0ac8db40, 17, 1;
L_0x7faf0ac97b20 .part L_0x7faf0ac8db40, 18, 1;
L_0x7faf0ac97c00 .part L_0x7faf0ac8db40, 19, 1;
L_0x7faf0ac97dd0 .part L_0x7faf0ac8db40, 20, 1;
L_0x7faf0ac97eb0 .part L_0x7faf0ac8db40, 21, 1;
L_0x7faf0ac97fb0 .part L_0x7faf0ac8db40, 22, 1;
L_0x7faf0ac98090 .part L_0x7faf0ac8db40, 23, 1;
L_0x7faf0ac981a0 .part L_0x7faf0ac8db40, 24, 1;
L_0x7faf0ac98280 .part L_0x7faf0ac8db40, 25, 1;
L_0x7faf0ac98580 .part L_0x7faf0ac8db40, 26, 1;
L_0x7faf0ac98660 .part L_0x7faf0ac8db40, 27, 1;
L_0x7faf0ac983a0 .part L_0x7faf0ac8db40, 28, 1;
L_0x7faf0ac98480 .part L_0x7faf0ac8db40, 29, 1;
L_0x7faf0ac97920 .part L_0x7faf0ac8db40, 30, 1;
L_0x7faf0ac97a00 .part L_0x7faf0ac8db40, 31, 1;
S_0x7faf0ac7ea80 .scope module, "mine[0]" "yMux1" 6 6, 7 1 0, S_0x7faf0ac7e770;
 .timescale 0 0;
    .port_info 0 /OUTPUT 1 "z"
    .port_info 1 /INPUT 1 "a"
    .port_info 2 /INPUT 1 "b"
    .port_info 3 /INPUT 1 "c"
L_0x7faf0ac8dbf0 .functor NOT 1, L_0x7faf0ac8da90, C4<0>, C4<0>, C4<0>;
L_0x7faf0ac8dc60 .functor AND 1, L_0x7faf0ac94d40, L_0x7faf0ac8dbf0, C4<1>, C4<1>;
L_0x7faf0ac8dd30 .functor AND 1, L_0x7faf0ac8da90, L_0x7faf0ac95a70, C4<1>, C4<1>;
L_0x7faf0ac8de00 .functor OR 1, L_0x7faf0ac8dc60, L_0x7faf0ac8dd30, C4<0>, C4<0>;
v0x7faf0ac7ecb0_0 .net "a", 0 0, L_0x7faf0ac94d40;  1 drivers
v0x7faf0ac7ed50_0 .net "b", 0 0, L_0x7faf0ac95a70;  1 drivers
v0x7faf0ac7edf0_0 .net "c", 0 0, L_0x7faf0ac8da90;  alias, 1 drivers
v0x7faf0ac7ee80_0 .net "lower", 0 0, L_0x7faf0ac8dd30;  1 drivers
v0x7faf0ac7ef10_0 .net "notC", 0 0, L_0x7faf0ac8dbf0;  1 drivers
v0x7faf0ac7efa0_0 .net "upper", 0 0, L_0x7faf0ac8dc60;  1 drivers
v0x7faf0ac7f040_0 .net "z", 0 0, L_0x7faf0ac8de00;  1 drivers
S_0x7faf0ac7f120 .scope module, "mine[1]" "yMux1" 6 6, 7 1 0, S_0x7faf0ac7e770;
 .timescale 0 0;
    .port_info 0 /OUTPUT 1 "z"
    .port_info 1 /INPUT 1 "a"
    .port_info 2 /INPUT 1 "b"
    .port_info 3 /INPUT 1 "c"
L_0x7faf0ac8df30 .functor NOT 1, L_0x7faf0ac8da90, C4<0>, C4<0>, C4<0>;
L_0x7faf0ac8dfa0 .functor AND 1, L_0x7faf0ac94ea0, L_0x7faf0ac8df30, C4<1>, C4<1>;
L_0x7faf0ac8e090 .functor AND 1, L_0x7faf0ac8da90, L_0x7faf0ac96c60, C4<1>, C4<1>;
L_0x7faf0ac8e140 .functor OR 1, L_0x7faf0ac8dfa0, L_0x7faf0ac8e090, C4<0>, C4<0>;
v0x7faf0ac7f350_0 .net "a", 0 0, L_0x7faf0ac94ea0;  1 drivers
v0x7faf0ac7f3f0_0 .net "b", 0 0, L_0x7faf0ac96c60;  1 drivers
v0x7faf0ac7f490_0 .net "c", 0 0, L_0x7faf0ac8da90;  alias, 1 drivers
v0x7faf0ac7f580_0 .net "lower", 0 0, L_0x7faf0ac8e090;  1 drivers
v0x7faf0ac7f610_0 .net "notC", 0 0, L_0x7faf0ac8df30;  1 drivers
v0x7faf0ac7f6e0_0 .net "upper", 0 0, L_0x7faf0ac8dfa0;  1 drivers
v0x7faf0ac7f770_0 .net "z", 0 0, L_0x7faf0ac8e140;  1 drivers
S_0x7faf0ac7f850 .scope module, "mine[2]" "yMux1" 6 6, 7 1 0, S_0x7faf0ac7e770;
 .timescale 0 0;
    .port_info 0 /OUTPUT 1 "z"
    .port_info 1 /INPUT 1 "a"
    .port_info 2 /INPUT 1 "b"
    .port_info 3 /INPUT 1 "c"
L_0x7faf0ac8e270 .functor NOT 1, L_0x7faf0ac8da90, C4<0>, C4<0>, C4<0>;
L_0x7faf0ac8e2e0 .functor AND 1, L_0x7faf0ac94f40, L_0x7faf0ac8e270, C4<1>, C4<1>;
L_0x7faf0ac8e3d0 .functor AND 1, L_0x7faf0ac8da90, L_0x7faf0ac96b50, C4<1>, C4<1>;
L_0x7faf0ac8e4a0 .functor OR 1, L_0x7faf0ac8e2e0, L_0x7faf0ac8e3d0, C4<0>, C4<0>;
v0x7faf0ac7fa90_0 .net "a", 0 0, L_0x7faf0ac94f40;  1 drivers
v0x7faf0ac7fb30_0 .net "b", 0 0, L_0x7faf0ac96b50;  1 drivers
v0x7faf0ac7fbd0_0 .net "c", 0 0, L_0x7faf0ac8da90;  alias, 1 drivers
v0x7faf0ac7fc80_0 .net "lower", 0 0, L_0x7faf0ac8e3d0;  1 drivers
v0x7faf0ac7fd10_0 .net "notC", 0 0, L_0x7faf0ac8e270;  1 drivers
v0x7faf0ac7fdf0_0 .net "upper", 0 0, L_0x7faf0ac8e2e0;  1 drivers
v0x7faf0ac7fe90_0 .net "z", 0 0, L_0x7faf0ac8e4a0;  1 drivers
S_0x7faf0ac7ff70 .scope module, "mine[3]" "yMux1" 6 6, 7 1 0, S_0x7faf0ac7e770;
 .timescale 0 0;
    .port_info 0 /OUTPUT 1 "z"
    .port_info 1 /INPUT 1 "a"
    .port_info 2 /INPUT 1 "b"
    .port_info 3 /INPUT 1 "c"
L_0x7faf0ac8e5d0 .functor NOT 1, L_0x7faf0ac8da90, C4<0>, C4<0>, C4<0>;
L_0x7faf0ac8e640 .functor AND 1, L_0x7faf0ac95020, L_0x7faf0ac8e5d0, C4<1>, C4<1>;
L_0x7faf0ac8e730 .functor AND 1, L_0x7faf0ac8da90, L_0x7faf0ac96ea0, C4<1>, C4<1>;
L_0x7faf0ac8e800 .functor OR 1, L_0x7faf0ac8e640, L_0x7faf0ac8e730, C4<0>, C4<0>;
v0x7faf0ac80190_0 .net "a", 0 0, L_0x7faf0ac95020;  1 drivers
v0x7faf0ac80240_0 .net "b", 0 0, L_0x7faf0ac96ea0;  1 drivers
v0x7faf0ac802e0_0 .net "c", 0 0, L_0x7faf0ac8da90;  alias, 1 drivers
v0x7faf0ac80410_0 .net "lower", 0 0, L_0x7faf0ac8e730;  1 drivers
v0x7faf0ac804a0_0 .net "notC", 0 0, L_0x7faf0ac8e5d0;  1 drivers
v0x7faf0ac80540_0 .net "upper", 0 0, L_0x7faf0ac8e640;  1 drivers
v0x7faf0ac805e0_0 .net "z", 0 0, L_0x7faf0ac8e800;  1 drivers
S_0x7faf0ac806c0 .scope module, "mine[4]" "yMux1" 6 6, 7 1 0, S_0x7faf0ac7e770;
 .timescale 0 0;
    .port_info 0 /OUTPUT 1 "z"
    .port_info 1 /INPUT 1 "a"
    .port_info 2 /INPUT 1 "b"
    .port_info 3 /INPUT 1 "c"
L_0x7faf0ac8e910 .functor NOT 1, L_0x7faf0ac8da90, C4<0>, C4<0>, C4<0>;
L_0x7faf0ac8e980 .functor AND 1, L_0x7faf0ac95130, L_0x7faf0ac8e910, C4<1>, C4<1>;
L_0x7faf0ac8ea70 .functor AND 1, L_0x7faf0ac8da90, L_0x7faf0ac96d80, C4<1>, C4<1>;
L_0x7faf0ac8eb40 .functor OR 1, L_0x7faf0ac8e980, L_0x7faf0ac8ea70, C4<0>, C4<0>;
v0x7faf0ac80920_0 .net "a", 0 0, L_0x7faf0ac95130;  1 drivers
v0x7faf0ac809b0_0 .net "b", 0 0, L_0x7faf0ac96d80;  1 drivers
v0x7faf0ac80a50_0 .net "c", 0 0, L_0x7faf0ac8da90;  alias, 1 drivers
v0x7faf0ac80b00_0 .net "lower", 0 0, L_0x7faf0ac8ea70;  1 drivers
v0x7faf0ac80b90_0 .net "notC", 0 0, L_0x7faf0ac8e910;  1 drivers
v0x7faf0ac80c70_0 .net "upper", 0 0, L_0x7faf0ac8e980;  1 drivers
v0x7faf0ac80d10_0 .net "z", 0 0, L_0x7faf0ac8eb40;  1 drivers
S_0x7faf0ac80df0 .scope module, "mine[5]" "yMux1" 6 6, 7 1 0, S_0x7faf0ac7e770;
 .timescale 0 0;
    .port_info 0 /OUTPUT 1 "z"
    .port_info 1 /INPUT 1 "a"
    .port_info 2 /INPUT 1 "b"
    .port_info 3 /INPUT 1 "c"
L_0x7faf0ac8ec50 .functor NOT 1, L_0x7faf0ac8da90, C4<0>, C4<0>, C4<0>;
L_0x7faf0ac8ecc0 .functor AND 1, L_0x7faf0ac95310, L_0x7faf0ac8ec50, C4<1>, C4<1>;
L_0x7faf0ac8edb0 .functor AND 1, L_0x7faf0ac8da90, L_0x7faf0ac97070, C4<1>, C4<1>;
L_0x7faf0ac8ee80 .functor OR 1, L_0x7faf0ac8ecc0, L_0x7faf0ac8edb0, C4<0>, C4<0>;
v0x7faf0ac81010_0 .net "a", 0 0, L_0x7faf0ac95310;  1 drivers
v0x7faf0ac810c0_0 .net "b", 0 0, L_0x7faf0ac97070;  1 drivers
v0x7faf0ac81160_0 .net "c", 0 0, L_0x7faf0ac8da90;  alias, 1 drivers
v0x7faf0ac81210_0 .net "lower", 0 0, L_0x7faf0ac8edb0;  1 drivers
v0x7faf0ac812a0_0 .net "notC", 0 0, L_0x7faf0ac8ec50;  1 drivers
v0x7faf0ac81380_0 .net "upper", 0 0, L_0x7faf0ac8ecc0;  1 drivers
v0x7faf0ac81420_0 .net "z", 0 0, L_0x7faf0ac8ee80;  1 drivers
S_0x7faf0ac81500 .scope module, "mine[6]" "yMux1" 6 6, 7 1 0, S_0x7faf0ac7e770;
 .timescale 0 0;
    .port_info 0 /OUTPUT 1 "z"
    .port_info 1 /INPUT 1 "a"
    .port_info 2 /INPUT 1 "b"
    .port_info 3 /INPUT 1 "c"
L_0x7faf0ac8ef90 .functor NOT 1, L_0x7faf0ac8da90, C4<0>, C4<0>, C4<0>;
L_0x7faf0ac8f000 .functor AND 1, L_0x7faf0ac953f0, L_0x7faf0ac8ef90, C4<1>, C4<1>;
L_0x7faf0ac8f0f0 .functor AND 1, L_0x7faf0ac8da90, L_0x7faf0ac96f40, C4<1>, C4<1>;
L_0x7faf0ac8f1c0 .functor OR 1, L_0x7faf0ac8f000, L_0x7faf0ac8f0f0, C4<0>, C4<0>;
v0x7faf0ac81720_0 .net "a", 0 0, L_0x7faf0ac953f0;  1 drivers
v0x7faf0ac817d0_0 .net "b", 0 0, L_0x7faf0ac96f40;  1 drivers
v0x7faf0ac81870_0 .net "c", 0 0, L_0x7faf0ac8da90;  alias, 1 drivers
v0x7faf0ac81920_0 .net "lower", 0 0, L_0x7faf0ac8f0f0;  1 drivers
v0x7faf0ac819b0_0 .net "notC", 0 0, L_0x7faf0ac8ef90;  1 drivers
v0x7faf0ac81a90_0 .net "upper", 0 0, L_0x7faf0ac8f000;  1 drivers
v0x7faf0ac81b30_0 .net "z", 0 0, L_0x7faf0ac8f1c0;  1 drivers
S_0x7faf0ac81c10 .scope module, "mine[7]" "yMux1" 6 6, 7 1 0, S_0x7faf0ac7e770;
 .timescale 0 0;
    .port_info 0 /OUTPUT 1 "z"
    .port_info 1 /INPUT 1 "a"
    .port_info 2 /INPUT 1 "b"
    .port_info 3 /INPUT 1 "c"
L_0x7faf0ac8f2d0 .functor NOT 1, L_0x7faf0ac8da90, C4<0>, C4<0>, C4<0>;
L_0x7faf0ac8f340 .functor AND 1, L_0x7faf0ac95490, L_0x7faf0ac8f2d0, C4<1>, C4<1>;
L_0x7faf0ac8f430 .functor AND 1, L_0x7faf0ac8da90, L_0x7faf0ac97350, C4<1>, C4<1>;
L_0x7faf0ac8f4e0 .functor OR 1, L_0x7faf0ac8f340, L_0x7faf0ac8f430, C4<0>, C4<0>;
v0x7faf0ac81e30_0 .net "a", 0 0, L_0x7faf0ac95490;  1 drivers
v0x7faf0ac81ee0_0 .net "b", 0 0, L_0x7faf0ac97350;  1 drivers
v0x7faf0ac81f80_0 .net "c", 0 0, L_0x7faf0ac8da90;  alias, 1 drivers
v0x7faf0ac82130_0 .net "lower", 0 0, L_0x7faf0ac8f430;  1 drivers
v0x7faf0ac821c0_0 .net "notC", 0 0, L_0x7faf0ac8f2d0;  1 drivers
v0x7faf0ac82290_0 .net "upper", 0 0, L_0x7faf0ac8f340;  1 drivers
v0x7faf0ac82320_0 .net "z", 0 0, L_0x7faf0ac8f4e0;  1 drivers
S_0x7faf0ac823b0 .scope module, "mine[8]" "yMux1" 6 6, 7 1 0, S_0x7faf0ac7e770;
 .timescale 0 0;
    .port_info 0 /OUTPUT 1 "z"
    .port_info 1 /INPUT 1 "a"
    .port_info 2 /INPUT 1 "b"
    .port_info 3 /INPUT 1 "c"
L_0x7faf0ac8f610 .functor NOT 1, L_0x7faf0ac8da90, C4<0>, C4<0>, C4<0>;
L_0x7faf0ac8f680 .functor AND 1, L_0x7faf0ac955c0, L_0x7faf0ac8f610, C4<1>, C4<1>;
L_0x7faf0ac8f750 .functor AND 1, L_0x7faf0ac8da90, L_0x7faf0ac97210, C4<1>, C4<1>;
L_0x7faf0ac8f800 .functor OR 1, L_0x7faf0ac8f680, L_0x7faf0ac8f750, C4<0>, C4<0>;
v0x7faf0ac82640_0 .net "a", 0 0, L_0x7faf0ac955c0;  1 drivers
v0x7faf0ac826f0_0 .net "b", 0 0, L_0x7faf0ac97210;  1 drivers
v0x7faf0ac82790_0 .net "c", 0 0, L_0x7faf0ac8da90;  alias, 1 drivers
v0x7faf0ac82820_0 .net "lower", 0 0, L_0x7faf0ac8f750;  1 drivers
v0x7faf0ac828b0_0 .net "notC", 0 0, L_0x7faf0ac8f610;  1 drivers
v0x7faf0ac82980_0 .net "upper", 0 0, L_0x7faf0ac8f680;  1 drivers
v0x7faf0ac82a10_0 .net "z", 0 0, L_0x7faf0ac8f800;  1 drivers
S_0x7faf0ac82af0 .scope module, "mine[9]" "yMux1" 6 6, 7 1 0, S_0x7faf0ac7e770;
 .timescale 0 0;
    .port_info 0 /OUTPUT 1 "z"
    .port_info 1 /INPUT 1 "a"
    .port_info 2 /INPUT 1 "b"
    .port_info 3 /INPUT 1 "c"
L_0x7faf0ac8f930 .functor NOT 1, L_0x7faf0ac8da90, C4<0>, C4<0>, C4<0>;
L_0x7faf0ac8f9a0 .functor AND 1, L_0x7faf0ac95660, L_0x7faf0ac8f930, C4<1>, C4<1>;
L_0x7faf0ac8fa70 .functor AND 1, L_0x7faf0ac8da90, L_0x7faf0ac972b0, C4<1>, C4<1>;
L_0x7faf0ac8fb40 .functor OR 1, L_0x7faf0ac8f9a0, L_0x7faf0ac8fa70, C4<0>, C4<0>;
v0x7faf0ac82d10_0 .net "a", 0 0, L_0x7faf0ac95660;  1 drivers
v0x7faf0ac82dc0_0 .net "b", 0 0, L_0x7faf0ac972b0;  1 drivers
v0x7faf0ac82e60_0 .net "c", 0 0, L_0x7faf0ac8da90;  alias, 1 drivers
v0x7faf0ac82f10_0 .net "lower", 0 0, L_0x7faf0ac8fa70;  1 drivers
v0x7faf0ac82fa0_0 .net "notC", 0 0, L_0x7faf0ac8f930;  1 drivers
v0x7faf0ac83080_0 .net "upper", 0 0, L_0x7faf0ac8f9a0;  1 drivers
v0x7faf0ac83120_0 .net "z", 0 0, L_0x7faf0ac8fb40;  1 drivers
S_0x7faf0ac83200 .scope module, "mine[10]" "yMux1" 6 6, 7 1 0, S_0x7faf0ac7e770;
 .timescale 0 0;
    .port_info 0 /OUTPUT 1 "z"
    .port_info 1 /INPUT 1 "a"
    .port_info 2 /INPUT 1 "b"
    .port_info 3 /INPUT 1 "c"
L_0x7faf0ac8fc50 .functor NOT 1, L_0x7faf0ac8da90, C4<0>, C4<0>, C4<0>;
L_0x7faf0ac8fcc0 .functor AND 1, L_0x7faf0ac957a0, L_0x7faf0ac8fc50, C4<1>, C4<1>;
L_0x7faf0ac8fdb0 .functor AND 1, L_0x7faf0ac8da90, L_0x7faf0ac97550, C4<1>, C4<1>;
L_0x7faf0ac8fe80 .functor OR 1, L_0x7faf0ac8fcc0, L_0x7faf0ac8fdb0, C4<0>, C4<0>;
v0x7faf0ac83420_0 .net "a", 0 0, L_0x7faf0ac957a0;  1 drivers
v0x7faf0ac834d0_0 .net "b", 0 0, L_0x7faf0ac97550;  1 drivers
v0x7faf0ac83570_0 .net "c", 0 0, L_0x7faf0ac8da90;  alias, 1 drivers
v0x7faf0ac83620_0 .net "lower", 0 0, L_0x7faf0ac8fdb0;  1 drivers
v0x7faf0ac836b0_0 .net "notC", 0 0, L_0x7faf0ac8fc50;  1 drivers
v0x7faf0ac83790_0 .net "upper", 0 0, L_0x7faf0ac8fcc0;  1 drivers
v0x7faf0ac83830_0 .net "z", 0 0, L_0x7faf0ac8fe80;  1 drivers
S_0x7faf0ac83910 .scope module, "mine[11]" "yMux1" 6 6, 7 1 0, S_0x7faf0ac7e770;
 .timescale 0 0;
    .port_info 0 /OUTPUT 1 "z"
    .port_info 1 /INPUT 1 "a"
    .port_info 2 /INPUT 1 "b"
    .port_info 3 /INPUT 1 "c"
L_0x7faf0ac8ff90 .functor NOT 1, L_0x7faf0ac8da90, C4<0>, C4<0>, C4<0>;
L_0x7faf0ac90000 .functor AND 1, L_0x7faf0ac95880, L_0x7faf0ac8ff90, C4<1>, C4<1>;
L_0x7faf0ac900f0 .functor AND 1, L_0x7faf0ac8da90, L_0x7faf0ac97630, C4<1>, C4<1>;
L_0x7faf0ac901c0 .functor OR 1, L_0x7faf0ac90000, L_0x7faf0ac900f0, C4<0>, C4<0>;
v0x7faf0ac83b30_0 .net "a", 0 0, L_0x7faf0ac95880;  1 drivers
v0x7faf0ac83be0_0 .net "b", 0 0, L_0x7faf0ac97630;  1 drivers
v0x7faf0ac83c80_0 .net "c", 0 0, L_0x7faf0ac8da90;  alias, 1 drivers
v0x7faf0ac83d30_0 .net "lower", 0 0, L_0x7faf0ac900f0;  1 drivers
v0x7faf0ac83dc0_0 .net "notC", 0 0, L_0x7faf0ac8ff90;  1 drivers
v0x7faf0ac83ea0_0 .net "upper", 0 0, L_0x7faf0ac90000;  1 drivers
v0x7faf0ac83f40_0 .net "z", 0 0, L_0x7faf0ac901c0;  1 drivers
S_0x7faf0ac84020 .scope module, "mine[12]" "yMux1" 6 6, 7 1 0, S_0x7faf0ac7e770;
 .timescale 0 0;
    .port_info 0 /OUTPUT 1 "z"
    .port_info 1 /INPUT 1 "a"
    .port_info 2 /INPUT 1 "b"
    .port_info 3 /INPUT 1 "c"
L_0x7faf0ac902d0 .functor NOT 1, L_0x7faf0ac8da90, C4<0>, C4<0>, C4<0>;
L_0x7faf0ac90340 .functor AND 1, L_0x7faf0ac95990, L_0x7faf0ac902d0, C4<1>, C4<1>;
L_0x7faf0ac90430 .functor AND 1, L_0x7faf0ac8da90, L_0x7faf0ac973f0, C4<1>, C4<1>;
L_0x7faf0ac90500 .functor OR 1, L_0x7faf0ac90340, L_0x7faf0ac90430, C4<0>, C4<0>;
v0x7faf0ac84240_0 .net "a", 0 0, L_0x7faf0ac95990;  1 drivers
v0x7faf0ac842f0_0 .net "b", 0 0, L_0x7faf0ac973f0;  1 drivers
v0x7faf0ac84390_0 .net "c", 0 0, L_0x7faf0ac8da90;  alias, 1 drivers
v0x7faf0ac84440_0 .net "lower", 0 0, L_0x7faf0ac90430;  1 drivers
v0x7faf0ac844d0_0 .net "notC", 0 0, L_0x7faf0ac902d0;  1 drivers
v0x7faf0ac845b0_0 .net "upper", 0 0, L_0x7faf0ac90340;  1 drivers
v0x7faf0ac84650_0 .net "z", 0 0, L_0x7faf0ac90500;  1 drivers
S_0x7faf0ac84730 .scope module, "mine[13]" "yMux1" 6 6, 7 1 0, S_0x7faf0ac7e770;
 .timescale 0 0;
    .port_info 0 /OUTPUT 1 "z"
    .port_info 1 /INPUT 1 "a"
    .port_info 2 /INPUT 1 "b"
    .port_info 3 /INPUT 1 "c"
L_0x7faf0ac90610 .functor NOT 1, L_0x7faf0ac8da90, C4<0>, C4<0>, C4<0>;
L_0x7faf0ac90680 .functor AND 1, L_0x7faf0ac95210, L_0x7faf0ac90610, C4<1>, C4<1>;
L_0x7faf0ac90770 .functor AND 1, L_0x7faf0ac8da90, L_0x7faf0ac97880, C4<1>, C4<1>;
L_0x7faf0ac90840 .functor OR 1, L_0x7faf0ac90680, L_0x7faf0ac90770, C4<0>, C4<0>;
v0x7faf0ac84950_0 .net "a", 0 0, L_0x7faf0ac95210;  1 drivers
v0x7faf0ac84a00_0 .net "b", 0 0, L_0x7faf0ac97880;  1 drivers
v0x7faf0ac84aa0_0 .net "c", 0 0, L_0x7faf0ac8da90;  alias, 1 drivers
v0x7faf0ac84b50_0 .net "lower", 0 0, L_0x7faf0ac90770;  1 drivers
v0x7faf0ac84be0_0 .net "notC", 0 0, L_0x7faf0ac90610;  1 drivers
v0x7faf0ac84cc0_0 .net "upper", 0 0, L_0x7faf0ac90680;  1 drivers
v0x7faf0ac84d60_0 .net "z", 0 0, L_0x7faf0ac90840;  1 drivers
S_0x7faf0ac84e40 .scope module, "mine[14]" "yMux1" 6 6, 7 1 0, S_0x7faf0ac7e770;
 .timescale 0 0;
    .port_info 0 /OUTPUT 1 "z"
    .port_info 1 /INPUT 1 "a"
    .port_info 2 /INPUT 1 "b"
    .port_info 3 /INPUT 1 "c"
L_0x7faf0ac90950 .functor NOT 1, L_0x7faf0ac8da90, C4<0>, C4<0>, C4<0>;
L_0x7faf0ac909c0 .functor AND 1, L_0x7faf0ac95cf0, L_0x7faf0ac90950, C4<1>, C4<1>;
L_0x7faf0ac90ab0 .functor AND 1, L_0x7faf0ac8da90, L_0x7faf0ac97110, C4<1>, C4<1>;
L_0x7faf0ac90b80 .functor OR 1, L_0x7faf0ac909c0, L_0x7faf0ac90ab0, C4<0>, C4<0>;
v0x7faf0ac85060_0 .net "a", 0 0, L_0x7faf0ac95cf0;  1 drivers
v0x7faf0ac85110_0 .net "b", 0 0, L_0x7faf0ac97110;  1 drivers
v0x7faf0ac851b0_0 .net "c", 0 0, L_0x7faf0ac8da90;  alias, 1 drivers
v0x7faf0ac85260_0 .net "lower", 0 0, L_0x7faf0ac90ab0;  1 drivers
v0x7faf0ac852f0_0 .net "notC", 0 0, L_0x7faf0ac90950;  1 drivers
v0x7faf0ac853d0_0 .net "upper", 0 0, L_0x7faf0ac909c0;  1 drivers
v0x7faf0ac85470_0 .net "z", 0 0, L_0x7faf0ac90b80;  1 drivers
S_0x7faf0ac85550 .scope module, "mine[15]" "yMux1" 6 6, 7 1 0, S_0x7faf0ac7e770;
 .timescale 0 0;
    .port_info 0 /OUTPUT 1 "z"
    .port_info 1 /INPUT 1 "a"
    .port_info 2 /INPUT 1 "b"
    .port_info 3 /INPUT 1 "c"
L_0x7faf0ac90c90 .functor NOT 1, L_0x7faf0ac8da90, C4<0>, C4<0>, C4<0>;
L_0x7faf0ac90d00 .functor AND 1, L_0x7faf0ac95d90, L_0x7faf0ac90c90, C4<1>, C4<1>;
L_0x7faf0ac90df0 .functor AND 1, L_0x7faf0ac8da90, L_0x7faf0ac97710, C4<1>, C4<1>;
L_0x7faf0ac90ea0 .functor OR 1, L_0x7faf0ac90d00, L_0x7faf0ac90df0, C4<0>, C4<0>;
v0x7faf0ac85770_0 .net "a", 0 0, L_0x7faf0ac95d90;  1 drivers
v0x7faf0ac85820_0 .net "b", 0 0, L_0x7faf0ac97710;  1 drivers
v0x7faf0ac858c0_0 .net "c", 0 0, L_0x7faf0ac8da90;  alias, 1 drivers
v0x7faf0ac82030_0 .net "lower", 0 0, L_0x7faf0ac90df0;  1 drivers
v0x7faf0ac85b70_0 .net "notC", 0 0, L_0x7faf0ac90c90;  1 drivers
v0x7faf0ac85c00_0 .net "upper", 0 0, L_0x7faf0ac90d00;  1 drivers
v0x7faf0ac85c90_0 .net "z", 0 0, L_0x7faf0ac90ea0;  1 drivers
S_0x7faf0ac85d60 .scope module, "mine[16]" "yMux1" 6 6, 7 1 0, S_0x7faf0ac7e770;
 .timescale 0 0;
    .port_info 0 /OUTPUT 1 "z"
    .port_info 1 /INPUT 1 "a"
    .port_info 2 /INPUT 1 "b"
    .port_info 3 /INPUT 1 "c"
L_0x7faf0ac90fd0 .functor NOT 1, L_0x7faf0ac8da90, C4<0>, C4<0>, C4<0>;
L_0x7faf0ac91040 .functor AND 1, L_0x7faf0ac95ec0, L_0x7faf0ac90fd0, C4<1>, C4<1>;
L_0x7faf0ac91110 .functor AND 1, L_0x7faf0ac8da90, L_0x7faf0ac977b0, C4<1>, C4<1>;
L_0x7faf0ac911c0 .functor OR 1, L_0x7faf0ac91040, L_0x7faf0ac91110, C4<0>, C4<0>;
v0x7faf0ac86080_0 .net "a", 0 0, L_0x7faf0ac95ec0;  1 drivers
v0x7faf0ac86130_0 .net "b", 0 0, L_0x7faf0ac977b0;  1 drivers
v0x7faf0ac861d0_0 .net "c", 0 0, L_0x7faf0ac8da90;  alias, 1 drivers
v0x7faf0ac86260_0 .net "lower", 0 0, L_0x7faf0ac91110;  1 drivers
v0x7faf0ac862f0_0 .net "notC", 0 0, L_0x7faf0ac90fd0;  1 drivers
v0x7faf0ac86380_0 .net "upper", 0 0, L_0x7faf0ac91040;  1 drivers
v0x7faf0ac86410_0 .net "z", 0 0, L_0x7faf0ac911c0;  1 drivers
S_0x7faf0ac864f0 .scope module, "mine[17]" "yMux1" 6 6, 7 1 0, S_0x7faf0ac7e770;
 .timescale 0 0;
    .port_info 0 /OUTPUT 1 "z"
    .port_info 1 /INPUT 1 "a"
    .port_info 2 /INPUT 1 "b"
    .port_info 3 /INPUT 1 "c"
L_0x7faf0ac912f0 .functor NOT 1, L_0x7faf0ac8da90, C4<0>, C4<0>, C4<0>;
L_0x7faf0ac91360 .functor AND 1, L_0x7faf0ac95fa0, L_0x7faf0ac912f0, C4<1>, C4<1>;
L_0x7faf0ac91430 .functor AND 1, L_0x7faf0ac8da90, L_0x7faf0ac97cf0, C4<1>, C4<1>;
L_0x7faf0ac91500 .functor OR 1, L_0x7faf0ac91360, L_0x7faf0ac91430, C4<0>, C4<0>;
v0x7faf0ac86710_0 .net "a", 0 0, L_0x7faf0ac95fa0;  1 drivers
v0x7faf0ac867c0_0 .net "b", 0 0, L_0x7faf0ac97cf0;  1 drivers
v0x7faf0ac86860_0 .net "c", 0 0, L_0x7faf0ac8da90;  alias, 1 drivers
v0x7faf0ac86910_0 .net "lower", 0 0, L_0x7faf0ac91430;  1 drivers
v0x7faf0ac869a0_0 .net "notC", 0 0, L_0x7faf0ac912f0;  1 drivers
v0x7faf0ac86a80_0 .net "upper", 0 0, L_0x7faf0ac91360;  1 drivers
v0x7faf0ac86b20_0 .net "z", 0 0, L_0x7faf0ac91500;  1 drivers
S_0x7faf0ac86c00 .scope module, "mine[18]" "yMux1" 6 6, 7 1 0, S_0x7faf0ac7e770;
 .timescale 0 0;
    .port_info 0 /OUTPUT 1 "z"
    .port_info 1 /INPUT 1 "a"
    .port_info 2 /INPUT 1 "b"
    .port_info 3 /INPUT 1 "c"
L_0x7faf0ac91610 .functor NOT 1, L_0x7faf0ac8da90, C4<0>, C4<0>, C4<0>;
L_0x7faf0ac91680 .functor AND 1, L_0x7faf0ac960e0, L_0x7faf0ac91610, C4<1>, C4<1>;
L_0x7faf0ac91770 .functor AND 1, L_0x7faf0ac8da90, L_0x7faf0ac97b20, C4<1>, C4<1>;
L_0x7faf0ac91840 .functor OR 1, L_0x7faf0ac91680, L_0x7faf0ac91770, C4<0>, C4<0>;
v0x7faf0ac86e20_0 .net "a", 0 0, L_0x7faf0ac960e0;  1 drivers
v0x7faf0ac86ed0_0 .net "b", 0 0, L_0x7faf0ac97b20;  1 drivers
v0x7faf0ac86f70_0 .net "c", 0 0, L_0x7faf0ac8da90;  alias, 1 drivers
v0x7faf0ac87020_0 .net "lower", 0 0, L_0x7faf0ac91770;  1 drivers
v0x7faf0ac870b0_0 .net "notC", 0 0, L_0x7faf0ac91610;  1 drivers
v0x7faf0ac87190_0 .net "upper", 0 0, L_0x7faf0ac91680;  1 drivers
v0x7faf0ac87230_0 .net "z", 0 0, L_0x7faf0ac91840;  1 drivers
S_0x7faf0ac87310 .scope module, "mine[19]" "yMux1" 6 6, 7 1 0, S_0x7faf0ac7e770;
 .timescale 0 0;
    .port_info 0 /OUTPUT 1 "z"
    .port_info 1 /INPUT 1 "a"
    .port_info 2 /INPUT 1 "b"
    .port_info 3 /INPUT 1 "c"
L_0x7faf0ac91950 .functor NOT 1, L_0x7faf0ac8da90, C4<0>, C4<0>, C4<0>;
L_0x7faf0ac919c0 .functor AND 1, L_0x7faf0ac96180, L_0x7faf0ac91950, C4<1>, C4<1>;
L_0x7faf0ac91ab0 .functor AND 1, L_0x7faf0ac8da90, L_0x7faf0ac97c00, C4<1>, C4<1>;
L_0x7faf0ac91b80 .functor OR 1, L_0x7faf0ac919c0, L_0x7faf0ac91ab0, C4<0>, C4<0>;
v0x7faf0ac87530_0 .net "a", 0 0, L_0x7faf0ac96180;  1 drivers
v0x7faf0ac875e0_0 .net "b", 0 0, L_0x7faf0ac97c00;  1 drivers
v0x7faf0ac87680_0 .net "c", 0 0, L_0x7faf0ac8da90;  alias, 1 drivers
v0x7faf0ac87730_0 .net "lower", 0 0, L_0x7faf0ac91ab0;  1 drivers
v0x7faf0ac877c0_0 .net "notC", 0 0, L_0x7faf0ac91950;  1 drivers
v0x7faf0ac878a0_0 .net "upper", 0 0, L_0x7faf0ac919c0;  1 drivers
v0x7faf0ac87940_0 .net "z", 0 0, L_0x7faf0ac91b80;  1 drivers
S_0x7faf0ac87a20 .scope module, "mine[20]" "yMux1" 6 6, 7 1 0, S_0x7faf0ac7e770;
 .timescale 0 0;
    .port_info 0 /OUTPUT 1 "z"
    .port_info 1 /INPUT 1 "a"
    .port_info 2 /INPUT 1 "b"
    .port_info 3 /INPUT 1 "c"
L_0x7faf0ac91c90 .functor NOT 1, L_0x7faf0ac8da90, C4<0>, C4<0>, C4<0>;
L_0x7faf0ac91d00 .functor AND 1, L_0x7faf0ac96040, L_0x7faf0ac91c90, C4<1>, C4<1>;
L_0x7faf0ac91df0 .functor AND 1, L_0x7faf0ac8da90, L_0x7faf0ac97dd0, C4<1>, C4<1>;
L_0x7faf0ac91ec0 .functor OR 1, L_0x7faf0ac91d00, L_0x7faf0ac91df0, C4<0>, C4<0>;
v0x7faf0ac87c40_0 .net "a", 0 0, L_0x7faf0ac96040;  1 drivers
v0x7faf0ac87cf0_0 .net "b", 0 0, L_0x7faf0ac97dd0;  1 drivers
v0x7faf0ac87d90_0 .net "c", 0 0, L_0x7faf0ac8da90;  alias, 1 drivers
v0x7faf0ac87e40_0 .net "lower", 0 0, L_0x7faf0ac91df0;  1 drivers
v0x7faf0ac87ed0_0 .net "notC", 0 0, L_0x7faf0ac91c90;  1 drivers
v0x7faf0ac87fb0_0 .net "upper", 0 0, L_0x7faf0ac91d00;  1 drivers
v0x7faf0ac88050_0 .net "z", 0 0, L_0x7faf0ac91ec0;  1 drivers
S_0x7faf0ac88130 .scope module, "mine[21]" "yMux1" 6 6, 7 1 0, S_0x7faf0ac7e770;
 .timescale 0 0;
    .port_info 0 /OUTPUT 1 "z"
    .port_info 1 /INPUT 1 "a"
    .port_info 2 /INPUT 1 "b"
    .port_info 3 /INPUT 1 "c"
L_0x7faf0ac91fd0 .functor NOT 1, L_0x7faf0ac8da90, C4<0>, C4<0>, C4<0>;
L_0x7faf0ac92040 .functor AND 1, L_0x7faf0ac962d0, L_0x7faf0ac91fd0, C4<1>, C4<1>;
L_0x7faf0ac92130 .functor AND 1, L_0x7faf0ac8da90, L_0x7faf0ac97eb0, C4<1>, C4<1>;
L_0x7faf0ac92200 .functor OR 1, L_0x7faf0ac92040, L_0x7faf0ac92130, C4<0>, C4<0>;
v0x7faf0ac88350_0 .net "a", 0 0, L_0x7faf0ac962d0;  1 drivers
v0x7faf0ac88400_0 .net "b", 0 0, L_0x7faf0ac97eb0;  1 drivers
v0x7faf0ac884a0_0 .net "c", 0 0, L_0x7faf0ac8da90;  alias, 1 drivers
v0x7faf0ac88550_0 .net "lower", 0 0, L_0x7faf0ac92130;  1 drivers
v0x7faf0ac885e0_0 .net "notC", 0 0, L_0x7faf0ac91fd0;  1 drivers
v0x7faf0ac886c0_0 .net "upper", 0 0, L_0x7faf0ac92040;  1 drivers
v0x7faf0ac88760_0 .net "z", 0 0, L_0x7faf0ac92200;  1 drivers
S_0x7faf0ac88840 .scope module, "mine[22]" "yMux1" 6 6, 7 1 0, S_0x7faf0ac7e770;
 .timescale 0 0;
    .port_info 0 /OUTPUT 1 "z"
    .port_info 1 /INPUT 1 "a"
    .port_info 2 /INPUT 1 "b"
    .port_info 3 /INPUT 1 "c"
L_0x7faf0ac92310 .functor NOT 1, L_0x7faf0ac8da90, C4<0>, C4<0>, C4<0>;
L_0x7faf0ac92380 .functor AND 1, L_0x7faf0ac96470, L_0x7faf0ac92310, C4<1>, C4<1>;
L_0x7faf0ac92470 .functor AND 1, L_0x7faf0ac8da90, L_0x7faf0ac97fb0, C4<1>, C4<1>;
L_0x7faf0ac92540 .functor OR 1, L_0x7faf0ac92380, L_0x7faf0ac92470, C4<0>, C4<0>;
v0x7faf0ac88a60_0 .net "a", 0 0, L_0x7faf0ac96470;  1 drivers
v0x7faf0ac88b10_0 .net "b", 0 0, L_0x7faf0ac97fb0;  1 drivers
v0x7faf0ac88bb0_0 .net "c", 0 0, L_0x7faf0ac8da90;  alias, 1 drivers
v0x7faf0ac88c60_0 .net "lower", 0 0, L_0x7faf0ac92470;  1 drivers
v0x7faf0ac88cf0_0 .net "notC", 0 0, L_0x7faf0ac92310;  1 drivers
v0x7faf0ac88dd0_0 .net "upper", 0 0, L_0x7faf0ac92380;  1 drivers
v0x7faf0ac88e70_0 .net "z", 0 0, L_0x7faf0ac92540;  1 drivers
S_0x7faf0ac88f50 .scope module, "mine[23]" "yMux1" 6 6, 7 1 0, S_0x7faf0ac7e770;
 .timescale 0 0;
    .port_info 0 /OUTPUT 1 "z"
    .port_info 1 /INPUT 1 "a"
    .port_info 2 /INPUT 1 "b"
    .port_info 3 /INPUT 1 "c"
L_0x7faf0ac92650 .functor NOT 1, L_0x7faf0ac8da90, C4<0>, C4<0>, C4<0>;
L_0x7faf0ac926c0 .functor AND 1, L_0x7faf0ac96220, L_0x7faf0ac92650, C4<1>, C4<1>;
L_0x7faf0ac927b0 .functor AND 1, L_0x7faf0ac8da90, L_0x7faf0ac98090, C4<1>, C4<1>;
L_0x7faf0ac92880 .functor OR 1, L_0x7faf0ac926c0, L_0x7faf0ac927b0, C4<0>, C4<0>;
v0x7faf0ac89170_0 .net "a", 0 0, L_0x7faf0ac96220;  1 drivers
v0x7faf0ac89220_0 .net "b", 0 0, L_0x7faf0ac98090;  1 drivers
v0x7faf0ac892c0_0 .net "c", 0 0, L_0x7faf0ac8da90;  alias, 1 drivers
v0x7faf0ac89370_0 .net "lower", 0 0, L_0x7faf0ac927b0;  1 drivers
v0x7faf0ac89400_0 .net "notC", 0 0, L_0x7faf0ac92650;  1 drivers
v0x7faf0ac894e0_0 .net "upper", 0 0, L_0x7faf0ac926c0;  1 drivers
v0x7faf0ac89580_0 .net "z", 0 0, L_0x7faf0ac92880;  1 drivers
S_0x7faf0ac89660 .scope module, "mine[24]" "yMux1" 6 6, 7 1 0, S_0x7faf0ac7e770;
 .timescale 0 0;
    .port_info 0 /OUTPUT 1 "z"
    .port_info 1 /INPUT 1 "a"
    .port_info 2 /INPUT 1 "b"
    .port_info 3 /INPUT 1 "c"
L_0x7faf0ac92990 .functor NOT 1, L_0x7faf0ac8da90, C4<0>, C4<0>, C4<0>;
L_0x7faf0ac92a00 .functor AND 1, L_0x7faf0ac96660, L_0x7faf0ac92990, C4<1>, C4<1>;
L_0x7faf0ac92af0 .functor AND 1, L_0x7faf0ac8da90, L_0x7faf0ac981a0, C4<1>, C4<1>;
L_0x7faf0ac92bc0 .functor OR 1, L_0x7faf0ac92a00, L_0x7faf0ac92af0, C4<0>, C4<0>;
v0x7faf0ac89880_0 .net "a", 0 0, L_0x7faf0ac96660;  1 drivers
v0x7faf0ac89930_0 .net "b", 0 0, L_0x7faf0ac981a0;  1 drivers
v0x7faf0ac899d0_0 .net "c", 0 0, L_0x7faf0ac8da90;  alias, 1 drivers
v0x7faf0ac89a80_0 .net "lower", 0 0, L_0x7faf0ac92af0;  1 drivers
v0x7faf0ac89b10_0 .net "notC", 0 0, L_0x7faf0ac92990;  1 drivers
v0x7faf0ac89bf0_0 .net "upper", 0 0, L_0x7faf0ac92a00;  1 drivers
v0x7faf0ac89c90_0 .net "z", 0 0, L_0x7faf0ac92bc0;  1 drivers
S_0x7faf0ac89d70 .scope module, "mine[25]" "yMux1" 6 6, 7 1 0, S_0x7faf0ac7e770;
 .timescale 0 0;
    .port_info 0 /OUTPUT 1 "z"
    .port_info 1 /INPUT 1 "a"
    .port_info 2 /INPUT 1 "b"
    .port_info 3 /INPUT 1 "c"
L_0x7faf0ac92cd0 .functor NOT 1, L_0x7faf0ac8da90, C4<0>, C4<0>, C4<0>;
L_0x7faf0ac92d40 .functor AND 1, L_0x7faf0ac963b0, L_0x7faf0ac92cd0, C4<1>, C4<1>;
L_0x7faf0ac92e30 .functor AND 1, L_0x7faf0ac8da90, L_0x7faf0ac98280, C4<1>, C4<1>;
L_0x7faf0ac92f00 .functor OR 1, L_0x7faf0ac92d40, L_0x7faf0ac92e30, C4<0>, C4<0>;
v0x7faf0ac89f90_0 .net "a", 0 0, L_0x7faf0ac963b0;  1 drivers
v0x7faf0ac8a040_0 .net "b", 0 0, L_0x7faf0ac98280;  1 drivers
v0x7faf0ac8a0e0_0 .net "c", 0 0, L_0x7faf0ac8da90;  alias, 1 drivers
v0x7faf0ac8a190_0 .net "lower", 0 0, L_0x7faf0ac92e30;  1 drivers
v0x7faf0ac8a220_0 .net "notC", 0 0, L_0x7faf0ac92cd0;  1 drivers
v0x7faf0ac8a300_0 .net "upper", 0 0, L_0x7faf0ac92d40;  1 drivers
v0x7faf0ac8a3a0_0 .net "z", 0 0, L_0x7faf0ac92f00;  1 drivers
S_0x7faf0ac8a480 .scope module, "mine[26]" "yMux1" 6 6, 7 1 0, S_0x7faf0ac7e770;
 .timescale 0 0;
    .port_info 0 /OUTPUT 1 "z"
    .port_info 1 /INPUT 1 "a"
    .port_info 2 /INPUT 1 "b"
    .port_info 3 /INPUT 1 "c"
L_0x7faf0ac93010 .functor NOT 1, L_0x7faf0ac8da90, C4<0>, C4<0>, C4<0>;
L_0x7faf0ac93080 .functor AND 1, L_0x7faf0ac96860, L_0x7faf0ac93010, C4<1>, C4<1>;
L_0x7faf0ac93170 .functor AND 1, L_0x7faf0ac8da90, L_0x7faf0ac98580, C4<1>, C4<1>;
L_0x7faf0ac93240 .functor OR 1, L_0x7faf0ac93080, L_0x7faf0ac93170, C4<0>, C4<0>;
v0x7faf0ac8a6a0_0 .net "a", 0 0, L_0x7faf0ac96860;  1 drivers
v0x7faf0ac8a750_0 .net "b", 0 0, L_0x7faf0ac98580;  1 drivers
v0x7faf0ac8a7f0_0 .net "c", 0 0, L_0x7faf0ac8da90;  alias, 1 drivers
v0x7faf0ac8a8a0_0 .net "lower", 0 0, L_0x7faf0ac93170;  1 drivers
v0x7faf0ac8a930_0 .net "notC", 0 0, L_0x7faf0ac93010;  1 drivers
v0x7faf0ac8aa10_0 .net "upper", 0 0, L_0x7faf0ac93080;  1 drivers
v0x7faf0ac8aab0_0 .net "z", 0 0, L_0x7faf0ac93240;  1 drivers
S_0x7faf0ac8ab90 .scope module, "mine[27]" "yMux1" 6 6, 7 1 0, S_0x7faf0ac7e770;
 .timescale 0 0;
    .port_info 0 /OUTPUT 1 "z"
    .port_info 1 /INPUT 1 "a"
    .port_info 2 /INPUT 1 "b"
    .port_info 3 /INPUT 1 "c"
L_0x7faf0ac93350 .functor NOT 1, L_0x7faf0ac8da90, C4<0>, C4<0>, C4<0>;
L_0x7faf0ac933c0 .functor AND 1, L_0x7faf0ac96590, L_0x7faf0ac93350, C4<1>, C4<1>;
L_0x7faf0ac934b0 .functor AND 1, L_0x7faf0ac8da90, L_0x7faf0ac98660, C4<1>, C4<1>;
L_0x7faf0ac93580 .functor OR 1, L_0x7faf0ac933c0, L_0x7faf0ac934b0, C4<0>, C4<0>;
v0x7faf0ac8adb0_0 .net "a", 0 0, L_0x7faf0ac96590;  1 drivers
v0x7faf0ac8ae60_0 .net "b", 0 0, L_0x7faf0ac98660;  1 drivers
v0x7faf0ac8af00_0 .net "c", 0 0, L_0x7faf0ac8da90;  alias, 1 drivers
v0x7faf0ac8afb0_0 .net "lower", 0 0, L_0x7faf0ac934b0;  1 drivers
v0x7faf0ac8b040_0 .net "notC", 0 0, L_0x7faf0ac93350;  1 drivers
v0x7faf0ac8b120_0 .net "upper", 0 0, L_0x7faf0ac933c0;  1 drivers
v0x7faf0ac8b1c0_0 .net "z", 0 0, L_0x7faf0ac93580;  1 drivers
S_0x7faf0ac8b2a0 .scope module, "mine[28]" "yMux1" 6 6, 7 1 0, S_0x7faf0ac7e770;
 .timescale 0 0;
    .port_info 0 /OUTPUT 1 "z"
    .port_info 1 /INPUT 1 "a"
    .port_info 2 /INPUT 1 "b"
    .port_info 3 /INPUT 1 "c"
L_0x7faf0ac93690 .functor NOT 1, L_0x7faf0ac8da90, C4<0>, C4<0>, C4<0>;
L_0x7faf0ac93700 .functor AND 1, L_0x7faf0ac96a70, L_0x7faf0ac93690, C4<1>, C4<1>;
L_0x7faf0ac937f0 .functor AND 1, L_0x7faf0ac8da90, L_0x7faf0ac983a0, C4<1>, C4<1>;
L_0x7faf0ac938c0 .functor OR 1, L_0x7faf0ac93700, L_0x7faf0ac937f0, C4<0>, C4<0>;
v0x7faf0ac8b4c0_0 .net "a", 0 0, L_0x7faf0ac96a70;  1 drivers
v0x7faf0ac8b570_0 .net "b", 0 0, L_0x7faf0ac983a0;  1 drivers
v0x7faf0ac8b610_0 .net "c", 0 0, L_0x7faf0ac8da90;  alias, 1 drivers
v0x7faf0ac8b6c0_0 .net "lower", 0 0, L_0x7faf0ac937f0;  1 drivers
v0x7faf0ac8b750_0 .net "notC", 0 0, L_0x7faf0ac93690;  1 drivers
v0x7faf0ac8b830_0 .net "upper", 0 0, L_0x7faf0ac93700;  1 drivers
v0x7faf0ac8b8d0_0 .net "z", 0 0, L_0x7faf0ac938c0;  1 drivers
S_0x7faf0ac8b9b0 .scope module, "mine[29]" "yMux1" 6 6, 7 1 0, S_0x7faf0ac7e770;
 .timescale 0 0;
    .port_info 0 /OUTPUT 1 "z"
    .port_info 1 /INPUT 1 "a"
    .port_info 2 /INPUT 1 "b"
    .port_info 3 /INPUT 1 "c"
L_0x7faf0ac939d0 .functor NOT 1, L_0x7faf0ac8da90, C4<0>, C4<0>, C4<0>;
L_0x7faf0ac93a40 .functor AND 1, L_0x7faf0ac96780, L_0x7faf0ac939d0, C4<1>, C4<1>;
L_0x7faf0ac93b30 .functor AND 1, L_0x7faf0ac8da90, L_0x7faf0ac98480, C4<1>, C4<1>;
L_0x7faf0ac93c00 .functor OR 1, L_0x7faf0ac93a40, L_0x7faf0ac93b30, C4<0>, C4<0>;
v0x7faf0ac8bbd0_0 .net "a", 0 0, L_0x7faf0ac96780;  1 drivers
v0x7faf0ac8bc80_0 .net "b", 0 0, L_0x7faf0ac98480;  1 drivers
v0x7faf0ac8bd20_0 .net "c", 0 0, L_0x7faf0ac8da90;  alias, 1 drivers
v0x7faf0ac8bdd0_0 .net "lower", 0 0, L_0x7faf0ac93b30;  1 drivers
v0x7faf0ac8be60_0 .net "notC", 0 0, L_0x7faf0ac939d0;  1 drivers
v0x7faf0ac8bf40_0 .net "upper", 0 0, L_0x7faf0ac93a40;  1 drivers
v0x7faf0ac8bfe0_0 .net "z", 0 0, L_0x7faf0ac93c00;  1 drivers
S_0x7faf0ac8c0c0 .scope module, "mine[30]" "yMux1" 6 6, 7 1 0, S_0x7faf0ac7e770;
 .timescale 0 0;
    .port_info 0 /OUTPUT 1 "z"
    .port_info 1 /INPUT 1 "a"
    .port_info 2 /INPUT 1 "b"
    .port_info 3 /INPUT 1 "c"
L_0x7faf0ac93d10 .functor NOT 1, L_0x7faf0ac8da90, C4<0>, C4<0>, C4<0>;
L_0x7faf0ac93d80 .functor AND 1, L_0x7faf0ac95b70, L_0x7faf0ac93d10, C4<1>, C4<1>;
L_0x7faf0ac93e70 .functor AND 1, L_0x7faf0ac8da90, L_0x7faf0ac97920, C4<1>, C4<1>;
L_0x7faf0ac93f40 .functor OR 1, L_0x7faf0ac93d80, L_0x7faf0ac93e70, C4<0>, C4<0>;
v0x7faf0ac8c2e0_0 .net "a", 0 0, L_0x7faf0ac95b70;  1 drivers
v0x7faf0ac8c390_0 .net "b", 0 0, L_0x7faf0ac97920;  1 drivers
v0x7faf0ac8c430_0 .net "c", 0 0, L_0x7faf0ac8da90;  alias, 1 drivers
v0x7faf0ac8c4e0_0 .net "lower", 0 0, L_0x7faf0ac93e70;  1 drivers
v0x7faf0ac8c570_0 .net "notC", 0 0, L_0x7faf0ac93d10;  1 drivers
v0x7faf0ac8c650_0 .net "upper", 0 0, L_0x7faf0ac93d80;  1 drivers
v0x7faf0ac8c6f0_0 .net "z", 0 0, L_0x7faf0ac93f40;  1 drivers
S_0x7faf0ac8c7d0 .scope module, "mine[31]" "yMux1" 6 6, 7 1 0, S_0x7faf0ac7e770;
 .timescale 0 0;
    .port_info 0 /OUTPUT 1 "z"
    .port_info 1 /INPUT 1 "a"
    .port_info 2 /INPUT 1 "b"
    .port_info 3 /INPUT 1 "c"
L_0x7faf0ac94050 .functor NOT 1, L_0x7faf0ac8da90, C4<0>, C4<0>, C4<0>;
L_0x7faf0ac940c0 .functor AND 1, L_0x7faf0ac96980, L_0x7faf0ac94050, C4<1>, C4<1>;
L_0x7faf0ac941b0 .functor AND 1, L_0x7faf0ac8da90, L_0x7faf0ac97a00, C4<1>, C4<1>;
L_0x7faf0ac94280 .functor OR 1, L_0x7faf0ac940c0, L_0x7faf0ac941b0, C4<0>, C4<0>;
v0x7faf0ac8c9f0_0 .net "a", 0 0, L_0x7faf0ac96980;  1 drivers
v0x7faf0ac8caa0_0 .net "b", 0 0, L_0x7faf0ac97a00;  1 drivers
v0x7faf0ac8cb40_0 .net "c", 0 0, L_0x7faf0ac8da90;  alias, 1 drivers
v0x7faf0ac85970_0 .net "lower", 0 0, L_0x7faf0ac941b0;  1 drivers
v0x7faf0ac85a00_0 .net "notC", 0 0, L_0x7faf0ac94050;  1 drivers
v0x7faf0ac85ae0_0 .net "upper", 0 0, L_0x7faf0ac940c0;  1 drivers
v0x7faf0ac8cc00_0 .net "z", 0 0, L_0x7faf0ac94280;  1 drivers
    .scope S_0x7faf0ac5e360;
T_0 ;
    %pushi/vec4 6, 0, 32;
T_0.0 %dup/vec4;
    %pushi/vec4 0, 0, 32;
    %cmp/s;
    %jmp/1xz T_0.1, 5;
    %jmp/1 T_0.1, 4;
    %pushi/vec4 1, 0, 32;
    %sub;
    %vpi_func 2 14 "$random" 32 {0 0 0};
    %store/vec4 v0x7faf0ac8d5d0_0, 0, 32;
    %vpi_func 2 15 "$random" 32 {0 0 0};
    %store/vec4 v0x7faf0ac8d6c0_0, 0, 32;
    %vpi_func 2 16 "$random" 32 {0 0 0};
    %pushi/vec4 2, 0, 32;
    %mod/s;
    %pad/s 1;
    %store/vec4 v0x7faf0ac8d860_0, 0, 1;
    %load/vec4 v0x7faf0ac8d860_0;
    %flag_set/vec4 8;
    %jmp/0 T_0.2, 8;
    %load/vec4 v0x7faf0ac8d5d0_0;
    %load/vec4 v0x7faf0ac8d6c0_0;
    %sub;
    %jmp/1 T_0.3, 8;
T_0.2 ; End of true expr.
    %load/vec4 v0x7faf0ac8d5d0_0;
    %load/vec4 v0x7faf0ac8d6c0_0;
    %add;
    %jmp/0 T_0.3, 8;
 ; End of false expr.
    %blend;
T_0.3;
    %store/vec4 v0x7faf0ac8d8f0_0, 0, 32;
    %delay 1, 0;
    %load/vec4 v0x7faf0ac8d8f0_0;
    %load/vec4 v0x7faf0ac8d9c0_0;
    %cmp/e;
    %jmp/0xz  T_0.4, 6;
    %vpi_call 2 22 "$display", "PASS: a=%d \012 b=%d \012 ctrl=%b \012 z=%d \012 expect=%d", v0x7faf0ac8d5d0_0, v0x7faf0ac8d6c0_0, v0x7faf0ac8d860_0, v0x7faf0ac8d9c0_0, v0x7faf0ac8d8f0_0 {0 0 0};
    %jmp T_0.5;
T_0.4 ;
    %vpi_call 2 24 "$display", "FAIL: a=%d \012 b=%d \012 ctrl=%b \012 z=%d \012 expect=%d", v0x7faf0ac8d5d0_0, v0x7faf0ac8d6c0_0, v0x7faf0ac8d860_0, v0x7faf0ac8d9c0_0, v0x7faf0ac8d8f0_0 {0 0 0};
T_0.5 ;
    %jmp T_0.0;
T_0.1 ;
    %pop/vec4 1;
    %vpi_call 2 26 "$finish" {0 0 0};
    %end;
    .thread T_0;
# The file index is used to find the file name in the following table.
:file_names 8;
    "N/A";
    "<interactive>";
    "LabL8.v";
    "yArith.v";
    "yAdder.v";
    "yAdder1.v";
    "yMux.v";
    "yMux1.v";
