#! /usr/local/Cellar/icarus-verilog/10.3/bin/vvp
:ivl_version "10.3 (stable)" "(v10_3)";
:ivl_delay_selection "TYPICAL";
:vpi_time_precision + 0;
:vpi_module "system";
:vpi_module "vhdl_sys";
:vpi_module "v2005_math";
:vpi_module "va_math";
S_0x7fe2c0601bb0 .scope module, "labK" "labK" 2 1;
 .timescale 0 0;
v0x7fe2c0601770_0 .var "x", 31 0;
v0x7fe2c0611c40_0 .var "y", 31 0;
v0x7fe2c0611ce0_0 .var "z", 31 0;
    .scope S_0x7fe2c0601bb0;
T_0 ;
    %delay 10, 0;
    %pushi/vec4 5, 0, 32;
    %store/vec4 v0x7fe2c0601770_0, 0, 32;
    %delay 10, 0;
    %load/vec4 v0x7fe2c0601770_0;
    %addi 1, 0, 32;
    %store/vec4 v0x7fe2c0611c40_0, 0, 32;
    %delay 10, 0;
    %load/vec4 v0x7fe2c0611c40_0;
    %addi 1, 0, 32;
    %store/vec4 v0x7fe2c0611ce0_0, 0, 32;
    %vpi_call 2 11 "$monitor", "%2d: x=%1d y=%1d z=%1d", $time, v0x7fe2c0601770_0, v0x7fe2c0611c40_0, v0x7fe2c0611ce0_0 {0 0 0};
    %delay 1, 0;
    %vpi_call 2 12 "$finish" {0 0 0};
    %end;
    .thread T_0;
    .scope S_0x7fe2c0601bb0;
T_1 ;
    %delay 7, 0;
    %load/vec4 v0x7fe2c0601770_0;
    %addi 1, 0, 32;
    %store/vec4 v0x7fe2c0601770_0, 0, 32;
    %jmp T_1;
    .thread T_1;
# The file index is used to find the file name in the following table.
:file_names 3;
    "N/A";
    "<interactive>";
    "labK2.v";
