#! /usr/local/Cellar/icarus-verilog/10.3/bin/vvp
:ivl_version "10.3 (stable)" "(v10_3)";
:ivl_delay_selection "TYPICAL";
:vpi_time_precision + 0;
:vpi_module "system";
:vpi_module "vhdl_sys";
:vpi_module "v2005_math";
:vpi_module "va_math";
S_0x7fb7b1d04a30 .scope module, "labK" "labK" 2 1;
 .timescale 0 0;
v0x7fb7b1d00040_0 .var "one", 0 0;
v0x7fb7b1d14a30_0 .var "three", 0 0;
v0x7fb7b1d14ad0_0 .var "two", 0 0;
v0x7fb7b1d14b60_0 .var "x", 31 0;
    .scope S_0x7fb7b1d04a30;
T_0 ;
    %vpi_call 2 6 "$display", "time = %5d, x = %b", $time, v0x7fb7b1d14b60_0 {0 0 0};
    %pushi/vec4 4294901760, 0, 32;
    %store/vec4 v0x7fb7b1d14b60_0, 0, 32;
    %vpi_call 2 8 "$display", "time = %5d, x = %b", $time, v0x7fb7b1d14b60_0 {0 0 0};
    %load/vec4 v0x7fb7b1d14b60_0;
    %addi 2, 0, 32;
    %store/vec4 v0x7fb7b1d14b60_0, 0, 32;
    %vpi_call 2 10 "$display", "time = %5d, x = %b", $time, v0x7fb7b1d14b60_0 {0 0 0};
    %load/vec4 v0x7fb7b1d14b60_0;
    %and/r;
    %store/vec4 v0x7fb7b1d00040_0, 0, 1;
    %load/vec4 v0x7fb7b1d14b60_0;
    %parti/s 2, 0, 2;
    %pad/u 1;
    %store/vec4 v0x7fb7b1d14ad0_0, 0, 1;
    %load/vec4 v0x7fb7b1d00040_0;
    %load/vec4 v0x7fb7b1d14ad0_0;
    %concat/vec4; draw_concat_vec4
    %pad/u 1;
    %store/vec4 v0x7fb7b1d14a30_0, 0, 1;
    %vpi_call 2 14 "$display", "one = %b, two = %b, three = %b", v0x7fb7b1d00040_0, v0x7fb7b1d14ad0_0, v0x7fb7b1d14a30_0 {0 0 0};
    %vpi_call 2 15 "$finish" {0 0 0};
    %end;
    .thread T_0;
# The file index is used to find the file name in the following table.
:file_names 3;
    "N/A";
    "<interactive>";
    "labK1.v";
