#! /usr/local/Cellar/icarus-verilog/10.3/bin/vvp
:ivl_version "10.3 (stable)" "(v10_3)";
:ivl_delay_selection "TYPICAL";
:vpi_time_precision + 0;
:vpi_module "system";
:vpi_module "vhdl_sys";
:vpi_module "v2005_math";
:vpi_module "va_math";
S_0x7fa028d000a0 .scope module, "labK" "labK" 2 1;
 .timescale 0 0;
L_0x7fa028d13340 .functor NOT 1, v0x7fa028d13090_0, C4<0>, C4<0>, C4<0>;
L_0x7fa028d133e0 .functor AND 1, v0x7fa028d03100_0, L_0x7fa028d134d0, C4<1>, C4<1>;
L_0x7fa028d134d0 .functor BUFZ 1, L_0x7fa028d13340, C4<0>, C4<0>, C4<0>;
v0x7fa028d03100_0 .var "a", 0 0;
v0x7fa028d13090_0 .var "b", 0 0;
v0x7fa028d13130_0 .net "lowerInput", 0 0, L_0x7fa028d134d0;  1 drivers
v0x7fa028d131c0_0 .net "notOutput", 0 0, L_0x7fa028d13340;  1 drivers
v0x7fa028d13260_0 .net "z", 0 0, L_0x7fa028d133e0;  1 drivers
    .scope S_0x7fa028d000a0;
T_0 ;
    %pushi/vec4 1, 0, 1;
    %store/vec4 v0x7fa028d03100_0, 0, 1;
    %pushi/vec4 1, 0, 1;
    %store/vec4 v0x7fa028d13090_0, 0, 1;
    %delay 1, 0;
    %vpi_call 2 17 "$display", "a=%b b=%b z=%b", v0x7fa028d03100_0, v0x7fa028d13090_0, v0x7fa028d13260_0 {0 0 0};
    %vpi_call 2 18 "$finish" {0 0 0};
    %end;
    .thread T_0;
# The file index is used to find the file name in the following table.
:file_names 3;
    "N/A";
    "<interactive>";
    "labK3.v";
