#! /usr/local/Cellar/icarus-verilog/10.3/bin/vvp
:ivl_version "10.3 (stable)" "(v10_3)";
:ivl_delay_selection "TYPICAL";
:vpi_time_precision + 0;
:vpi_module "system";
:vpi_module "vhdl_sys";
:vpi_module "v2005_math";
:vpi_module "va_math";
S_0x7ff580d05990 .scope module, "labK" "labK" 2 1;
 .timescale 0 0;
L_0x7ff580d15ca0 .functor NOT 1, v0x7ff580d15890_0, C4<0>, C4<0>, C4<0>;
L_0x7ff580d15d40 .functor AND 1, v0x7ff580d00040_0, L_0x7ff580d15ca0, C4<1>, C4<1>;
v0x7ff580d00040_0 .var "a", 0 0;
v0x7ff580d15890_0 .var "b", 0 0;
v0x7ff580d15930_0 .var "expect", 0 0;
v0x7ff580d159c0_0 .var/i "i", 31 0;
v0x7ff580d15a70_0 .var/i "j", 31 0;
v0x7ff580d15b60_0 .net "tmp", 0 0, L_0x7ff580d15ca0;  1 drivers
v0x7ff580d15c00_0 .net "z", 0 0, L_0x7ff580d15d40;  1 drivers
    .scope S_0x7ff580d05990;
T_0 ;
    %pushi/vec4 0, 0, 32;
    %store/vec4 v0x7ff580d159c0_0, 0, 32;
T_0.0 ;
    %load/vec4 v0x7ff580d159c0_0;
    %cmpi/s 2, 0, 32;
    %jmp/0xz T_0.1, 5;
    %pushi/vec4 0, 0, 32;
    %store/vec4 v0x7ff580d15a70_0, 0, 32;
T_0.2 ;
    %load/vec4 v0x7ff580d15a70_0;
    %cmpi/s 2, 0, 32;
    %jmp/0xz T_0.3, 5;
    %load/vec4 v0x7ff580d159c0_0;
    %pad/s 1;
    %store/vec4 v0x7ff580d00040_0, 0, 1;
    %load/vec4 v0x7ff580d15a70_0;
    %pad/s 1;
    %store/vec4 v0x7ff580d15890_0, 0, 1;
    %load/vec4 v0x7ff580d159c0_0;
    %load/vec4 v0x7ff580d15890_0;
    %pad/u 32;
    %inv;
    %and;
    %pad/u 1;
    %store/vec4 v0x7ff580d15930_0, 0, 1;
    %delay 1, 0;
    %load/vec4 v0x7ff580d15930_0;
    %load/vec4 v0x7ff580d15c00_0;
    %cmp/e;
    %jmp/0xz  T_0.4, 6;
    %vpi_call 2 20 "$display", "PASS: a=%b b=%b z=%b", v0x7ff580d00040_0, v0x7ff580d15890_0, v0x7ff580d15c00_0 {0 0 0};
    %jmp T_0.5;
T_0.4 ;
    %vpi_call 2 22 "$display", "FAIL: a=%b b=%b z=%b", v0x7ff580d00040_0, v0x7ff580d15890_0, v0x7ff580d15c00_0 {0 0 0};
T_0.5 ;
    %load/vec4 v0x7ff580d15a70_0;
    %addi 1, 0, 32;
    %store/vec4 v0x7ff580d15a70_0, 0, 32;
    %jmp T_0.2;
T_0.3 ;
    %load/vec4 v0x7ff580d159c0_0;
    %addi 1, 0, 32;
    %store/vec4 v0x7ff580d159c0_0, 0, 32;
    %jmp T_0.0;
T_0.1 ;
    %vpi_call 2 25 "$finish" {0 0 0};
    %end;
    .thread T_0;
# The file index is used to find the file name in the following table.
:file_names 3;
    "N/A";
    "<interactive>";
    "labK5.v";
