#! /usr/local/Cellar/icarus-verilog/10.3/bin/vvp
:ivl_version "10.3 (stable)" "(v10_3)";
:ivl_delay_selection "TYPICAL";
:vpi_time_precision + 0;
:vpi_module "system";
:vpi_module "vhdl_sys";
:vpi_module "v2005_math";
:vpi_module "va_math";
S_0x7f9092d05040 .scope module, "labK" "labK" 2 1;
 .timescale 0 0;
L_0x7f9092d17380 .functor NOT 1, v0x7f9092d17000_0, C4<0>, C4<0>, C4<0>;
L_0x7f9092d17420 .functor AND 1, v0x7f9092d07190_0, L_0x7f9092d17380, C4<1>, C4<1>;
L_0x7f9092d17510 .functor AND 1, v0x7f9092d16f20_0, v0x7f9092d17000_0, C4<1>, C4<1>;
L_0x7f9092d17600 .functor OR 1, L_0x7f9092d176f0, L_0x7f9092d17810, C4<0>, C4<0>;
L_0x7f9092d176f0 .functor BUFZ 1, L_0x7f9092d17420, C4<0>, C4<0>, C4<0>;
L_0x7f9092d17810 .functor BUFZ 1, L_0x7f9092d17510, C4<0>, C4<0>, C4<0>;
v0x7f9092d07190_0 .var "a", 0 0;
v0x7f9092d16d50_0 .net "aLower", 0 0, L_0x7f9092d17380;  1 drivers
v0x7f9092d16df0_0 .net "and_1", 0 0, L_0x7f9092d17420;  1 drivers
v0x7f9092d16e80_0 .net "and_2", 0 0, L_0x7f9092d17510;  1 drivers
v0x7f9092d16f20_0 .var "b", 0 0;
v0x7f9092d17000_0 .var "c", 0 0;
v0x7f9092d170a0_0 .var "flag", 0 0;
v0x7f9092d17140_0 .net "lower_1", 0 0, L_0x7f9092d176f0;  1 drivers
v0x7f9092d171e0_0 .net "lower_2", 0 0, L_0x7f9092d17810;  1 drivers
v0x7f9092d172f0_0 .net "z", 0 0, L_0x7f9092d17600;  1 drivers
    .scope S_0x7f9092d05040;
T_0 ;
    %vpi_func 2 15 "$value$plusargs" 32, "a=%b", v0x7f9092d07190_0 {0 0 0};
    %pad/u 1;
    %store/vec4 v0x7f9092d170a0_0, 0, 1;
    %load/vec4 v0x7f9092d170a0_0;
    %pad/u 32;
    %cmpi/e 0, 0, 32;
    %jmp/0xz  T_0.0, 6;
    %vpi_call 2 17 "$display", "Missing a." {0 0 0};
T_0.0 ;
    %vpi_func 2 18 "$value$plusargs" 32, "b=%b", v0x7f9092d16f20_0 {0 0 0};
    %pad/u 1;
    %store/vec4 v0x7f9092d170a0_0, 0, 1;
    %load/vec4 v0x7f9092d170a0_0;
    %pad/u 32;
    %cmpi/e 0, 0, 32;
    %jmp/0xz  T_0.2, 6;
    %vpi_call 2 20 "$display", "Missing b." {0 0 0};
T_0.2 ;
    %vpi_func 2 21 "$value$plusargs" 32, "c=%b", v0x7f9092d17000_0 {0 0 0};
    %pad/u 1;
    %store/vec4 v0x7f9092d170a0_0, 0, 1;
    %load/vec4 v0x7f9092d170a0_0;
    %pad/u 32;
    %cmpi/e 0, 0, 32;
    %jmp/0xz  T_0.4, 6;
    %vpi_call 2 23 "$display", "Missing c." {0 0 0};
T_0.4 ;
    %delay 1, 0;
    %vpi_call 2 25 "$display", "a=%b b=%b c=%b z=%b", v0x7f9092d07190_0, v0x7f9092d16f20_0, v0x7f9092d17000_0, v0x7f9092d172f0_0 {0 0 0};
    %vpi_call 2 27 "$finish" {0 0 0};
    %end;
    .thread T_0;
# The file index is used to find the file name in the following table.
:file_names 3;
    "N/A";
    "<interactive>";
    "labK7.v";
