#! /usr/local/Cellar/icarus-verilog/10.3/bin/vvp
:ivl_version "10.3 (stable)" "(v10_3)";
:ivl_delay_selection "TYPICAL";
:vpi_time_precision + 0;
:vpi_module "system";
:vpi_module "vhdl_sys";
:vpi_module "v2005_math";
:vpi_module "va_math";
S_0x7fc369d00160 .scope module, "labK" "labK" 2 1;
 .timescale 0 0;
L_0x7fc369d19020 .functor NOT 1, v0x7fc369d18a90_0, C4<0>, C4<0>, C4<0>;
L_0x7fc369d190c0 .functor AND 1, v0x7fc369d06520_0, L_0x7fc369d19020, C4<1>, C4<1>;
L_0x7fc369d191b0 .functor AND 1, v0x7fc369d189b0_0, v0x7fc369d18a90_0, C4<1>, C4<1>;
L_0x7fc369d192a0 .functor OR 1, L_0x7fc369d19390, L_0x7fc369d194b0, C4<0>, C4<0>;
L_0x7fc369d19390 .functor BUFZ 1, L_0x7fc369d190c0, C4<0>, C4<0>, C4<0>;
L_0x7fc369d194b0 .functor BUFZ 1, L_0x7fc369d191b0, C4<0>, C4<0>, C4<0>;
v0x7fc369d06520_0 .var "a", 0 0;
v0x7fc369d187e0_0 .net "aLower", 0 0, L_0x7fc369d19020;  1 drivers
v0x7fc369d18880_0 .net "and_1", 0 0, L_0x7fc369d190c0;  1 drivers
v0x7fc369d18910_0 .net "and_2", 0 0, L_0x7fc369d191b0;  1 drivers
v0x7fc369d189b0_0 .var "b", 0 0;
v0x7fc369d18a90_0 .var "c", 0 0;
v0x7fc369d18b30_0 .var "expect", 0 0;
v0x7fc369d18bd0_0 .var/i "i", 31 0;
v0x7fc369d18c80_0 .var/i "j", 31 0;
v0x7fc369d18d90_0 .var/i "k", 31 0;
v0x7fc369d18e40_0 .net "lower_1", 0 0, L_0x7fc369d19390;  1 drivers
v0x7fc369d18ee0_0 .net "lower_2", 0 0, L_0x7fc369d194b0;  1 drivers
v0x7fc369d18f80_0 .net "z", 0 0, L_0x7fc369d192a0;  1 drivers
    .scope S_0x7fc369d00160;
T_0 ;
    %pushi/vec4 0, 0, 32;
    %store/vec4 v0x7fc369d18bd0_0, 0, 32;
T_0.0 ;
    %load/vec4 v0x7fc369d18bd0_0;
    %cmpi/s 2, 0, 32;
    %jmp/0xz T_0.1, 5;
    %pushi/vec4 0, 0, 32;
    %store/vec4 v0x7fc369d18c80_0, 0, 32;
T_0.2 ;
    %load/vec4 v0x7fc369d18c80_0;
    %cmpi/s 2, 0, 32;
    %jmp/0xz T_0.3, 5;
    %pushi/vec4 0, 0, 32;
    %store/vec4 v0x7fc369d18d90_0, 0, 32;
T_0.4 ;
    %load/vec4 v0x7fc369d18d90_0;
    %cmpi/s 2, 0, 32;
    %jmp/0xz T_0.5, 5;
    %load/vec4 v0x7fc369d18bd0_0;
    %pad/s 1;
    %store/vec4 v0x7fc369d06520_0, 0, 1;
    %load/vec4 v0x7fc369d18c80_0;
    %pad/s 1;
    %store/vec4 v0x7fc369d189b0_0, 0, 1;
    %load/vec4 v0x7fc369d18d90_0;
    %pad/s 1;
    %store/vec4 v0x7fc369d18a90_0, 0, 1;
    %load/vec4 v0x7fc369d18bd0_0;
    %load/vec4 v0x7fc369d18d90_0;
    %inv;
    %and;
    %pushi/vec4 0, 0, 32;
    %cmp/e;
    %flag_get/vec4 4;
    %inv;
    %load/vec4 v0x7fc369d189b0_0;
    %load/vec4 v0x7fc369d18a90_0;
    %and;
    %or;
    %store/vec4 v0x7fc369d18b30_0, 0, 1;
    %delay 1, 0;
    %load/vec4 v0x7fc369d18b30_0;
    %load/vec4 v0x7fc369d18f80_0;
    %cmp/e;
    %jmp/0xz  T_0.6, 6;
    %vpi_call 2 25 "$display", "PASS: a=%b b=%b c=%b z=%b", v0x7fc369d06520_0, v0x7fc369d189b0_0, v0x7fc369d18a90_0, v0x7fc369d18f80_0 {0 0 0};
    %jmp T_0.7;
T_0.6 ;
    %vpi_call 2 27 "$display", "FAIL: a=%b b=%b c=%b z=%b", v0x7fc369d06520_0, v0x7fc369d189b0_0, v0x7fc369d18a90_0, v0x7fc369d18f80_0 {0 0 0};
T_0.7 ;
    %load/vec4 v0x7fc369d18d90_0;
    %addi 1, 0, 32;
    %store/vec4 v0x7fc369d18d90_0, 0, 32;
    %jmp T_0.4;
T_0.5 ;
    %load/vec4 v0x7fc369d18c80_0;
    %addi 1, 0, 32;
    %store/vec4 v0x7fc369d18c80_0, 0, 32;
    %jmp T_0.2;
T_0.3 ;
    %load/vec4 v0x7fc369d18bd0_0;
    %addi 1, 0, 32;
    %store/vec4 v0x7fc369d18bd0_0, 0, 32;
    %jmp T_0.0;
T_0.1 ;
    %vpi_call 2 32 "$finish" {0 0 0};
    %end;
    .thread T_0;
# The file index is used to find the file name in the following table.
:file_names 3;
    "N/A";
    "<interactive>";
    "labK8.v";
