#! /usr/local/Cellar/icarus-verilog/10.3/bin/vvp
:ivl_version "10.3 (stable)" "(v10_3)";
:ivl_delay_selection "TYPICAL";
:vpi_time_precision + 0;
:vpi_module "system";
:vpi_module "vhdl_sys";
:vpi_module "v2005_math";
:vpi_module "va_math";
S_0x7fb2e0d086d0 .scope module, "labK" "labK" 2 1;
 .timescale 0 0;
L_0x7fb2e0d18cd0 .functor XOR 1, v0x7fb2e0d18520_0, v0x7fb2e0d00040_0, C4<0>, C4<0>;
L_0x7fb2e0d18d80 .functor AND 1, v0x7fb2e0d18520_0, v0x7fb2e0d00040_0, C4<1>, C4<1>;
L_0x7fb2e0d18eb0 .functor XOR 1, v0x7fb2e0d186f0_0, L_0x7fb2e0d18cd0, C4<0>, C4<0>;
L_0x7fb2e0d18f80 .functor AND 1, L_0x7fb2e0d18cd0, v0x7fb2e0d186f0_0, C4<1>, C4<1>;
L_0x7fb2e0d19070 .functor OR 1, L_0x7fb2e0d18f80, L_0x7fb2e0d18d80, C4<0>, C4<0>;
v0x7fb2e0d00040_0 .var "a", 0 0;
v0x7fb2e0d18520_0 .var "b", 0 0;
v0x7fb2e0d185c0_0 .net "b_and_a", 0 0, L_0x7fb2e0d18d80;  1 drivers
v0x7fb2e0d18650_0 .net "b_xor_a", 0 0, L_0x7fb2e0d18cd0;  1 drivers
v0x7fb2e0d186f0_0 .var "c", 0 0;
v0x7fb2e0d187d0_0 .net "cOut", 0 0, L_0x7fb2e0d19070;  1 drivers
v0x7fb2e0d18870_0 .var "expect", 1 0;
v0x7fb2e0d18920_0 .var/i "i", 31 0;
v0x7fb2e0d189d0_0 .var/i "j", 31 0;
v0x7fb2e0d18ae0_0 .var/i "k", 31 0;
v0x7fb2e0d18b90_0 .net "lastA", 0 0, L_0x7fb2e0d18f80;  1 drivers
v0x7fb2e0d18c30_0 .net "z", 0 0, L_0x7fb2e0d18eb0;  1 drivers
    .scope S_0x7fb2e0d086d0;
T_0 ;
    %pushi/vec4 0, 0, 32;
    %store/vec4 v0x7fb2e0d18920_0, 0, 32;
T_0.0 ;
    %load/vec4 v0x7fb2e0d18920_0;
    %cmpi/s 2, 0, 32;
    %jmp/0xz T_0.1, 5;
    %pushi/vec4 0, 0, 32;
    %store/vec4 v0x7fb2e0d189d0_0, 0, 32;
T_0.2 ;
    %load/vec4 v0x7fb2e0d189d0_0;
    %cmpi/s 2, 0, 32;
    %jmp/0xz T_0.3, 5;
    %pushi/vec4 0, 0, 32;
    %store/vec4 v0x7fb2e0d18ae0_0, 0, 32;
T_0.4 ;
    %load/vec4 v0x7fb2e0d18ae0_0;
    %cmpi/s 2, 0, 32;
    %jmp/0xz T_0.5, 5;
    %load/vec4 v0x7fb2e0d18920_0;
    %pad/s 1;
    %store/vec4 v0x7fb2e0d00040_0, 0, 1;
    %load/vec4 v0x7fb2e0d189d0_0;
    %pad/s 1;
    %store/vec4 v0x7fb2e0d18520_0, 0, 1;
    %load/vec4 v0x7fb2e0d18ae0_0;
    %pad/s 1;
    %store/vec4 v0x7fb2e0d186f0_0, 0, 1;
    %load/vec4 v0x7fb2e0d18920_0;
    %load/vec4 v0x7fb2e0d189d0_0;
    %add;
    %load/vec4 v0x7fb2e0d18ae0_0;
    %add;
    %pad/s 2;
    %store/vec4 v0x7fb2e0d18870_0, 0, 2;
    %delay 1, 0;
    %load/vec4 v0x7fb2e0d18870_0;
    %parti/s 1, 0, 2;
    %load/vec4 v0x7fb2e0d18c30_0;
    %cmp/e;
    %flag_get/vec4 6;
    %load/vec4 v0x7fb2e0d18870_0;
    %parti/s 1, 1, 2;
    %load/vec4 v0x7fb2e0d187d0_0;
    %cmp/e;
    %flag_get/vec4 6;
    %and;
    %flag_set/vec4 8;
    %jmp/0xz  T_0.6, 8;
    %delay 1, 0;
    %vpi_call 2 26 "$display", "PASS: a=%b b=%b c=%b z=%b cOut=%b", v0x7fb2e0d00040_0, v0x7fb2e0d18520_0, v0x7fb2e0d186f0_0, v0x7fb2e0d187d0_0, v0x7fb2e0d18c30_0 {0 0 0};
    %jmp T_0.7;
T_0.6 ;
    %delay 1, 0;
    %vpi_call 2 28 "$display", "FAIL: a=%b b=%b c=%b z=%b cOut=%b", v0x7fb2e0d00040_0, v0x7fb2e0d18520_0, v0x7fb2e0d186f0_0, v0x7fb2e0d187d0_0, v0x7fb2e0d18c30_0 {0 0 0};
T_0.7 ;
    %load/vec4 v0x7fb2e0d18ae0_0;
    %addi 1, 0, 32;
    %store/vec4 v0x7fb2e0d18ae0_0, 0, 32;
    %jmp T_0.4;
T_0.5 ;
    %load/vec4 v0x7fb2e0d189d0_0;
    %addi 1, 0, 32;
    %store/vec4 v0x7fb2e0d189d0_0, 0, 32;
    %jmp T_0.2;
T_0.3 ;
    %load/vec4 v0x7fb2e0d18920_0;
    %addi 1, 0, 32;
    %store/vec4 v0x7fb2e0d18920_0, 0, 32;
    %jmp T_0.0;
T_0.1 ;
    %vpi_call 2 33 "$finish" {0 0 0};
    %end;
    .thread T_0;
# The file index is used to find the file name in the following table.
:file_names 3;
    "N/A";
    "<interactive>";
    "labK9.v";
